{"/Users/noetibbl/Documents/_WIP/SapientRazorfish/accessible-ecommerce-demo/webpack.config.js": {"path":"/Users/noetibbl/Documents/_WIP/SapientRazorfish/accessible-ecommerce-demo/webpack.config.js","statementMap":{"0":{"start":{"line":1,"column":11},"end":{"line":1,"column":0}},"1":{"start":{"line":2,"column":0},"end":{"line":null,"column":-1}}},"fnMap":{},"branchMap":{},"s":{"0":0,"1":0},"f":{},"b":{}}
,"/Users/noetibbl/Documents/_WIP/SapientRazorfish/accessible-ecommerce-demo/components/accordion/accordion.js": {"path":"/Users/noetibbl/Documents/_WIP/SapientRazorfish/accessible-ecommerce-demo/components/accordion/accordion.js","statementMap":{"0":{"start":{"line":1,"column":16},"end":{"line":1,"column":0}},"1":{"start":{"line":2,"column":1},"end":{"line":null,"column":-1}},"2":{"start":{"line":3,"column":1},"end":{"line":null,"column":-1}},"3":{"start":{"line":5,"column":1},"end":{"line":null,"column":-1}},"4":{"start":{"line":8,"column":0},"end":{"line":null,"column":-1}},"5":{"start":{"line":10,"column":30},"end":{"line":10,"column":2}},"6":{"start":{"line":11,"column":2},"end":{"line":null,"column":-1}},"7":{"start":{"line":15,"column":30},"end":{"line":15,"column":2}},"8":{"start":{"line":16,"column":29},"end":{"line":16,"column":2}},"9":{"start":{"line":18,"column":2},"end":{"line":23,"column":3}},"10":{"start":{"line":19,"column":3},"end":{"line":null,"column":-1}},"11":{"start":{"line":20,"column":3},"end":{"line":null,"column":-1}},"12":{"start":{"line":22,"column":3},"end":{"line":null,"column":-1}},"13":{"start":{"line":27,"column":2},"end":{"line":null,"column":-1}},"14":{"start":{"line":28,"column":31},"end":{"line":28,"column":3}},"15":{"start":{"line":29,"column":31},"end":{"line":29,"column":3}},"16":{"start":{"line":32,"column":3},"end":{"line":null,"column":-1}},"17":{"start":{"line":33,"column":3},"end":{"line":null,"column":-1}},"18":{"start":{"line":35,"column":3},"end":{"line":null,"column":-1}},"19":{"start":{"line":39,"column":23},"end":{"line":null,"column":-1}},"20":{"start":{"line":40,"column":2},"end":{"line":null,"column":-1}},"21":{"start":{"line":41,"column":16},"end":{"line":41,"column":3}},"22":{"start":{"line":42,"column":3},"end":{"line":null,"column":-1}},"23":{"start":{"line":43,"column":3},"end":{"line":null,"column":-1}},"24":{"start":{"line":47,"column":24},"end":{"line":47,"column":0}},"25":{"start":{"line":48,"column":0},"end":{"line":null,"column":-1}},"26":{"start":{"line":49,"column":17},"end":{"line":49,"column":1}}},"fnMap":{"0":{"name":"Accordion","decl":{"start":{"line":1,"column":4},"end":{"line":1,"column":16}},"loc":{"start":{"line":1,"column":35},"end":{"line":1,"column":0}}},"1":{"name":"setFocusOnContent","decl":{"start":{"line":9,"column":20},"end":{"line":9,"column":28}},"loc":{"start":{"line":9,"column":45},"end":{"line":8,"column":22}}},"2":{"name":"setAriaLabelForButton","decl":{"start":{"line":14,"column":24},"end":{"line":14,"column":32}},"loc":{"start":{"line":14,"column":49},"end":{"line":8,"column":22}}},"3":{"name":"onClickToggleAccordionPanel","decl":{"start":{"line":26,"column":30},"end":{"line":26,"column":38}},"loc":{"start":{"line":26,"column":55},"end":{"line":8,"column":22}}},"4":{"name":"(anonymous_4)","decl":{"start":{"line":27,"column":9},"end":{"line":27,"column":18}},"loc":{"start":{"line":27,"column":26},"end":{"line":27,"column":2}}},"5":{"name":"initEvents","decl":{"start":{"line":39,"column":13},"end":{"line":39,"column":22}},"loc":{"start":{"line":39,"column":23},"end":{"line":45,"column":2}}},"6":{"name":"(anonymous_6)","decl":{"start":{"line":40,"column":31},"end":{"line":40,"column":48}},"loc":{"start":{"line":40,"column":49},"end":{"line":40,"column":2}}},"7":{"name":"(anonymous_7)","decl":{"start":{"line":48,"column":26},"end":{"line":48,"column":35}},"loc":{"start":{"line":48,"column":54},"end":{"line":48,"column":0}}}},"branchMap":{"0":{"loc":{"start":{"line":18,"column":2},"end":{"line":23,"column":3}},"type":"if","locations":[{"start":{"line":18,"column":2},"end":{"line":23,"column":3}},{"start":{"line":18,"column":2},"end":{"line":23,"column":3}}]}},"s":{"0":0,"1":0,"2":0,"3":0,"4":0,"5":0,"6":0,"7":0,"8":0,"9":0,"10":0,"11":0,"12":0,"13":0,"14":0,"15":0,"16":0,"17":0,"18":0,"19":0,"20":0,"21":0,"22":0,"23":0,"24":0,"25":0,"26":0},"f":{"0":0,"1":0,"2":0,"3":0,"4":0,"5":0,"6":0,"7":0},"b":{"0":[0,0]}}
,"/Users/noetibbl/Documents/_WIP/SapientRazorfish/accessible-ecommerce-demo/components/carousel/carousel.js": {"path":"/Users/noetibbl/Documents/_WIP/SapientRazorfish/accessible-ecommerce-demo/components/carousel/carousel.js","statementMap":{"0":{"start":{"line":3,"column":0},"end":{"line":null,"column":-1}},"1":{"start":{"line":5,"column":15},"end":{"line":5,"column":0}},"2":{"start":{"line":5,"column":34},"end":{"line":null,"column":-1}},"3":{"start":{"line":6,"column":1},"end":{"line":null,"column":-1}},"4":{"start":{"line":8,"column":1},"end":{"line":null,"column":-1}},"5":{"start":{"line":9,"column":1},"end":{"line":null,"column":-1}},"6":{"start":{"line":10,"column":1},"end":{"line":null,"column":-1}},"7":{"start":{"line":11,"column":1},"end":{"line":null,"column":-1}},"8":{"start":{"line":13,"column":1},"end":{"line":null,"column":-1}},"9":{"start":{"line":14,"column":1},"end":{"line":null,"column":-1}},"10":{"start":{"line":15,"column":1},"end":{"line":null,"column":-1}},"11":{"start":{"line":15,"column":22},"end":{"line":null,"column":-1}},"12":{"start":{"line":16,"column":1},"end":{"line":null,"column":-1}},"13":{"start":{"line":16,"column":19},"end":{"line":null,"column":-1}},"14":{"start":{"line":17,"column":1},"end":{"line":null,"column":-1}},"15":{"start":{"line":17,"column":18},"end":{"line":null,"column":-1}},"16":{"start":{"line":18,"column":1},"end":{"line":null,"column":-1}},"17":{"start":{"line":18,"column":24},"end":{"line":null,"column":-1}},"18":{"start":{"line":19,"column":1},"end":{"line":null,"column":-1}},"19":{"start":{"line":19,"column":13},"end":{"line":null,"column":-1}},"20":{"start":{"line":20,"column":1},"end":{"line":null,"column":-1}},"21":{"start":{"line":20,"column":18},"end":{"line":null,"column":-1}},"22":{"start":{"line":22,"column":1},"end":{"line":null,"column":-1}},"23":{"start":{"line":23,"column":2},"end":{"line":null,"column":-1}},"24":{"start":{"line":26,"column":1},"end":{"line":null,"column":-1}},"25":{"start":{"line":27,"column":1},"end":{"line":null,"column":-1}},"26":{"start":{"line":30,"column":0},"end":{"line":null,"column":-1}},"27":{"start":{"line":33,"column":2},"end":{"line":null,"column":-1}},"28":{"start":{"line":34,"column":16},"end":{"line":34,"column":2}},"29":{"start":{"line":35,"column":2},"end":{"line":null,"column":-1}},"30":{"start":{"line":36,"column":2},"end":{"line":null,"column":-1}},"31":{"start":{"line":40,"column":2},"end":{"line":null,"column":-1}},"32":{"start":{"line":44,"column":2},"end":{"line":null,"column":-1}},"33":{"start":{"line":45,"column":2},"end":{"line":null,"column":-1}},"34":{"start":{"line":53,"column":2},"end":{"line":null,"column":-1}},"35":{"start":{"line":56,"column":25},"end":{"line":null,"column":-1}},"36":{"start":{"line":57,"column":2},"end":{"line":null,"column":-1}},"37":{"start":{"line":58,"column":3},"end":{"line":null,"column":-1}},"38":{"start":{"line":61,"column":2},"end":{"line":null,"column":-1}},"39":{"start":{"line":62,"column":3},"end":{"line":null,"column":-1}},"40":{"start":{"line":65,"column":2},"end":{"line":null,"column":-1}},"41":{"start":{"line":66,"column":3},"end":{"line":null,"column":-1}},"42":{"start":{"line":67,"column":22},"end":{"line":67,"column":4}},"43":{"start":{"line":68,"column":21},"end":{"line":68,"column":4}},"44":{"start":{"line":69,"column":4},"end":{"line":71,"column":5}},"45":{"start":{"line":70,"column":5},"end":{"line":null,"column":-1}},"46":{"start":{"line":77,"column":23},"end":{"line":77,"column":0}},"47":{"start":{"line":78,"column":0},"end":{"line":null,"column":-1}},"48":{"start":{"line":79,"column":16},"end":{"line":79,"column":1}}},"fnMap":{"0":{"name":"Carousel","decl":{"start":{"line":5,"column":4},"end":{"line":5,"column":15}},"loc":{"start":{"line":5,"column":34},"end":{"line":5,"column":0}}},"1":{"name":"(anonymous_1)","decl":{"start":{"line":15,"column":22},"end":{"line":null,"column":-1}},"loc":{"start":{"line":15,"column":22},"end":{"line":15,"column":1}}},"2":{"name":"(anonymous_2)","decl":{"start":{"line":16,"column":19},"end":{"line":null,"column":-1}},"loc":{"start":{"line":16,"column":19},"end":{"line":16,"column":1}}},"3":{"name":"(anonymous_3)","decl":{"start":{"line":17,"column":18},"end":{"line":null,"column":-1}},"loc":{"start":{"line":17,"column":18},"end":{"line":17,"column":1}}},"4":{"name":"(anonymous_4)","decl":{"start":{"line":18,"column":24},"end":{"line":null,"column":-1}},"loc":{"start":{"line":18,"column":24},"end":{"line":18,"column":1}}},"5":{"name":"(anonymous_5)","decl":{"start":{"line":19,"column":13},"end":{"line":null,"column":-1}},"loc":{"start":{"line":19,"column":13},"end":{"line":19,"column":1}}},"6":{"name":"(anonymous_6)","decl":{"start":{"line":20,"column":18},"end":{"line":null,"column":-1}},"loc":{"start":{"line":20,"column":18},"end":{"line":20,"column":1}}},"7":{"name":"(anonymous_7)","decl":{"start":{"line":22,"column":20},"end":{"line":22,"column":25}},"loc":{"start":{"line":22,"column":26},"end":{"line":22,"column":1}}},"8":{"name":"shiftCarousel","decl":{"start":{"line":30,"column":21},"end":{"line":32,"column":14}},"loc":{"start":{"line":32,"column":26},"end":{"line":30,"column":21}}},"9":{"name":"toggleButton","decl":{"start":{"line":30,"column":21},"end":{"line":39,"column":13}},"loc":{"start":{"line":39,"column":34},"end":{"line":30,"column":21}}},"10":{"name":"refreshArrowButtons","decl":{"start":{"line":30,"column":21},"end":{"line":43,"column":22}},"loc":{"start":{"line":43,"column":23},"end":{"line":30,"column":21}}},"11":{"name":"refreshCarousel","decl":{"start":{"line":30,"column":21},"end":{"line":48,"column":18}},"loc":{"start":{"line":48,"column":19},"end":{"line":30,"column":21}}},"12":{"name":"initEvents","decl":{"start":{"line":56,"column":13},"end":{"line":56,"column":24}},"loc":{"start":{"line":56,"column":25},"end":{"line":74,"column":2}}},"13":{"name":"(anonymous_13)","decl":{"start":{"line":57,"column":45},"end":{"line":57,"column":45}},"loc":{"start":{"line":57,"column":52},"end":{"line":57,"column":2}}},"14":{"name":"(anonymous_14)","decl":{"start":{"line":61,"column":44},"end":{"line":61,"column":44}},"loc":{"start":{"line":61,"column":51},"end":{"line":61,"column":2}}},"15":{"name":"(anonymous_15)","decl":{"start":{"line":65,"column":21},"end":{"line":65,"column":28}},"loc":{"start":{"line":65,"column":29},"end":{"line":65,"column":2}}},"16":{"name":"(anonymous_16)","decl":{"start":{"line":66,"column":36},"end":{"line":66,"column":42}},"loc":{"start":{"line":66,"column":43},"end":{"line":66,"column":3}}},"17":{"name":"(anonymous_17)","decl":{"start":{"line":78,"column":25},"end":{"line":78,"column":34}},"loc":{"start":{"line":78,"column":52},"end":{"line":78,"column":0}}}},"branchMap":{"0":{"loc":{"start":{"line":19,"column":65},"end":{"line":19,"column":19}},"type":"cond-expr","locations":[{"start":{"line":19,"column":65},"end":{"line":19,"column":19}},{"start":{"line":19,"column":214},"end":{"line":19,"column":13}}]},"1":{"loc":{"start":{"line":34,"column":59},"end":{"line":34,"column":15}},"type":"cond-expr","locations":[{"start":{"line":34,"column":59},"end":{"line":34,"column":15}},{"start":{"line":34,"column":99},"end":{"line":34,"column":2}}]},"2":{"loc":{"start":{"line":40,"column":22},"end":{"line":40,"column":9}},"type":"cond-expr","locations":[{"start":{"line":40,"column":22},"end":{"line":40,"column":9}},{"start":{"line":40,"column":68},"end":{"line":40,"column":2}}]},"3":{"loc":{"start":{"line":69,"column":4},"end":{"line":71,"column":5}},"type":"if","locations":[{"start":{"line":69,"column":4},"end":{"line":71,"column":5}},{"start":{"line":69,"column":4},"end":{"line":71,"column":5}}]}},"s":{"0":0,"1":0,"2":0,"3":0,"4":0,"5":0,"6":0,"7":0,"8":0,"9":0,"10":0,"11":0,"12":0,"13":0,"14":0,"15":0,"16":0,"17":0,"18":0,"19":0,"20":0,"21":0,"22":0,"23":0,"24":0,"25":0,"26":0,"27":0,"28":0,"29":0,"30":0,"31":0,"32":0,"33":0,"34":0,"35":0,"36":0,"37":0,"38":0,"39":0,"40":0,"41":0,"42":0,"43":0,"44":0,"45":0,"46":0,"47":0,"48":0},"f":{"0":0,"1":0,"2":0,"3":0,"4":0,"5":0,"6":0,"7":0,"8":0,"9":0,"10":0,"11":0,"12":0,"13":0,"14":0,"15":0,"16":0,"17":0},"b":{"0":[0,0],"1":[0,0],"2":[0,0],"3":[0,0]}}
,"/Users/noetibbl/Documents/_WIP/SapientRazorfish/accessible-ecommerce-demo/components/footer/footer.js": {"path":"/Users/noetibbl/Documents/_WIP/SapientRazorfish/accessible-ecommerce-demo/components/footer/footer.js","statementMap":{"0":{"start":{"line":21,"column":4},"end":{"line":null,"column":-1}},"1":{"start":{"line":30,"column":4},"end":{"line":null,"column":-1}},"2":{"start":{"line":42,"column":28},"end":{"line":42,"column":4}},"3":{"start":{"line":43,"column":4},"end":{"line":57,"column":5}},"4":{"start":{"line":44,"column":8},"end":{"line":44,"column":75}},"5":{"start":{"line":44,"column":75},"end":{"line":null,"column":-1}},"6":{"start":{"line":46,"column":27},"end":{"line":46,"column":8}},"7":{"start":{"line":47,"column":8},"end":{"line":null,"column":-1}},"8":{"start":{"line":48,"column":8},"end":{"line":null,"column":-1}},"9":{"start":{"line":49,"column":8},"end":{"line":null,"column":-1}},"10":{"start":{"line":51,"column":8},"end":{"line":null,"column":-1}},"11":{"start":{"line":53,"column":27},"end":{"line":53,"column":8}},"12":{"start":{"line":54,"column":8},"end":{"line":54,"column":25}},"13":{"start":{"line":54,"column":25},"end":{"line":null,"column":-1}},"14":{"start":{"line":56,"column":8},"end":{"line":null,"column":-1}},"15":{"start":{"line":64,"column":4},"end":{"line":null,"column":-1}},"16":{"start":{"line":74,"column":4},"end":{"line":78,"column":5}},"17":{"start":{"line":75,"column":8},"end":{"line":null,"column":-1}},"18":{"start":{"line":77,"column":8},"end":{"line":null,"column":-1}},"19":{"start":{"line":85,"column":4},"end":{"line":null,"column":-1}},"20":{"start":{"line":86,"column":4},"end":{"line":null,"column":-1}},"21":{"start":{"line":88,"column":4},"end":{"line":93,"column":5}},"22":{"start":{"line":89,"column":8},"end":{"line":null,"column":-1}},"23":{"start":{"line":92,"column":8},"end":{"line":null,"column":-1}},"24":{"start":{"line":100,"column":22},"end":{"line":100,"column":0}},"25":{"start":{"line":101,"column":0},"end":{"line":null,"column":-1}},"26":{"start":{"line":102,"column":4},"end":{"line":null,"column":-1}},"27":{"start":{"line":104,"column":4},"end":{"line":null,"column":-1}},"28":{"start":{"line":105,"column":8},"end":{"line":null,"column":-1}},"29":{"start":{"line":106,"column":12},"end":{"line":null,"column":-1}},"30":{"start":{"line":107,"column":12},"end":{"line":109,"column":13}},"31":{"start":{"line":108,"column":16},"end":{"line":null,"column":-1}}},"fnMap":{"0":{"name":"handleValidForm","decl":{"start":{"line":20,"column":9},"end":{"line":20,"column":0}},"loc":{"start":{"line":20,"column":31},"end":{"line":22,"column":1}}},"1":{"name":"handleInvalidForm","decl":{"start":{"line":29,"column":9},"end":{"line":29,"column":0}},"loc":{"start":{"line":29,"column":32},"end":{"line":31,"column":1}}},"2":{"name":"validateInputElement","decl":{"start":{"line":41,"column":9},"end":{"line":41,"column":0}},"loc":{"start":{"line":41,"column":43},"end":{"line":58,"column":1}}},"3":{"name":"toggleInputValidityUI","decl":{"start":{"line":63,"column":9},"end":{"line":63,"column":0}},"loc":{"start":{"line":63,"column":37},"end":{"line":65,"column":1}}},"4":{"name":"markInputAsEdited","decl":{"start":{"line":73,"column":9},"end":{"line":73,"column":0}},"loc":{"start":{"line":73,"column":41},"end":{"line":79,"column":1}}},"5":{"name":"submitClicked","decl":{"start":{"line":84,"column":9},"end":{"line":84,"column":0}},"loc":{"start":{"line":84,"column":25},"end":{"line":94,"column":1}}},"6":{"name":"(anonymous_6)","decl":{"start":{"line":101,"column":24},"end":{"line":101,"column":33}},"loc":{"start":{"line":101,"column":40},"end":{"line":101,"column":0}}},"7":{"name":"(anonymous_7)","decl":{"start":{"line":104,"column":77},"end":{"line":104,"column":92}},"loc":{"start":{"line":104,"column":93},"end":{"line":104,"column":4}}},"8":{"name":"(anonymous_8)","decl":{"start":{"line":105,"column":46},"end":{"line":105,"column":49}},"loc":{"start":{"line":105,"column":50},"end":{"line":105,"column":8}}}},"branchMap":{"0":{"loc":{"start":{"line":43,"column":4},"end":{"line":57,"column":5}},"type":"if","locations":[{"start":{"line":43,"column":4},"end":{"line":57,"column":5}},{"start":{"line":43,"column":4},"end":{"line":57,"column":5}}]},"1":{"loc":{"start":{"line":44,"column":8},"end":{"line":44,"column":75}},"type":"if","locations":[{"start":{"line":44,"column":8},"end":{"line":44,"column":75}},{"start":{"line":44,"column":8},"end":{"line":44,"column":75}}]},"2":{"loc":{"start":{"line":54,"column":8},"end":{"line":54,"column":25}},"type":"if","locations":[{"start":{"line":54,"column":8},"end":{"line":54,"column":25}},{"start":{"line":54,"column":8},"end":{"line":54,"column":25}}]},"3":{"loc":{"start":{"line":74,"column":4},"end":{"line":78,"column":5}},"type":"if","locations":[{"start":{"line":74,"column":4},"end":{"line":78,"column":5}},{"start":{"line":74,"column":4},"end":{"line":78,"column":5}}]},"4":{"loc":{"start":{"line":88,"column":4},"end":{"line":93,"column":5}},"type":"if","locations":[{"start":{"line":88,"column":4},"end":{"line":93,"column":5}},{"start":{"line":88,"column":4},"end":{"line":93,"column":5}}]},"5":{"loc":{"start":{"line":107,"column":12},"end":{"line":109,"column":13}},"type":"if","locations":[{"start":{"line":107,"column":12},"end":{"line":109,"column":13}},{"start":{"line":107,"column":12},"end":{"line":109,"column":13}}]}},"s":{"0":0,"1":0,"2":0,"3":0,"4":0,"5":0,"6":0,"7":0,"8":0,"9":0,"10":0,"11":0,"12":0,"13":0,"14":0,"15":0,"16":0,"17":0,"18":0,"19":0,"20":0,"21":0,"22":0,"23":0,"24":0,"25":0,"26":0,"27":0,"28":0,"29":0,"30":0,"31":0},"f":{"0":0,"1":0,"2":0,"3":0,"4":0,"5":0,"6":0,"7":0,"8":0},"b":{"0":[0,0],"1":[0,0],"2":[0,0],"3":[0,0],"4":[0,0],"5":[0,0]}}
,"/Users/noetibbl/Documents/_WIP/SapientRazorfish/accessible-ecommerce-demo/components/gallery/gallery.js": {"path":"/Users/noetibbl/Documents/_WIP/SapientRazorfish/accessible-ecommerce-demo/components/gallery/gallery.js","statementMap":{"0":{"start":{"line":1,"column":14},"end":{"line":1,"column":0}},"1":{"start":{"line":2,"column":2},"end":{"line":null,"column":-1}},"2":{"start":{"line":3,"column":1},"end":{"line":null,"column":-1}},"3":{"start":{"line":4,"column":1},"end":{"line":null,"column":-1}},"4":{"start":{"line":5,"column":1},"end":{"line":null,"column":-1}},"5":{"start":{"line":6,"column":1},"end":{"line":null,"column":-1}},"6":{"start":{"line":7,"column":1},"end":{"line":null,"column":-1}},"7":{"start":{"line":8,"column":2},"end":{"line":null,"column":-1}},"8":{"start":{"line":9,"column":2},"end":{"line":null,"column":-1}},"9":{"start":{"line":10,"column":2},"end":{"line":null,"column":-1}},"10":{"start":{"line":12,"column":2},"end":{"line":null,"column":-1}},"11":{"start":{"line":13,"column":2},"end":{"line":null,"column":-1}},"12":{"start":{"line":14,"column":2},"end":{"line":null,"column":-1}},"13":{"start":{"line":15,"column":2},"end":{"line":null,"column":-1}},"14":{"start":{"line":17,"column":1},"end":{"line":null,"column":-1}},"15":{"start":{"line":20,"column":0},"end":{"line":null,"column":-1}},"16":{"start":{"line":22,"column":2},"end":{"line":null,"column":-1}},"17":{"start":{"line":23,"column":2},"end":{"line":null,"column":-1}},"18":{"start":{"line":24,"column":2},"end":{"line":null,"column":-1}},"19":{"start":{"line":25,"column":2},"end":{"line":null,"column":-1}},"20":{"start":{"line":28,"column":2},"end":{"line":null,"column":-1}},"21":{"start":{"line":29,"column":2},"end":{"line":null,"column":-1}},"22":{"start":{"line":30,"column":2},"end":{"line":null,"column":-1}},"23":{"start":{"line":31,"column":2},"end":{"line":null,"column":-1}},"24":{"start":{"line":33,"column":25},"end":{"line":null,"column":-1}},"25":{"start":{"line":34,"column":2},"end":{"line":null,"column":-1}},"26":{"start":{"line":35,"column":3},"end":{"line":null,"column":-1}},"27":{"start":{"line":38,"column":2},"end":{"line":null,"column":-1}},"28":{"start":{"line":39,"column":4},"end":{"line":null,"column":-1}},"29":{"start":{"line":40,"column":4},"end":{"line":null,"column":-1}},"30":{"start":{"line":41,"column":4},"end":{"line":null,"column":-1}},"31":{"start":{"line":44,"column":16},"end":{"line":44,"column":4}},"32":{"start":{"line":45,"column":4},"end":{"line":null,"column":-1}},"33":{"start":{"line":48,"column":4},"end":{"line":null,"column":-1}},"34":{"start":{"line":51,"column":4},"end":{"line":null,"column":-1}},"35":{"start":{"line":54,"column":14},"end":{"line":54,"column":4}},"36":{"start":{"line":55,"column":4},"end":{"line":61,"column":5}},"37":{"start":{"line":56,"column":6},"end":{"line":60,"column":7}},"38":{"start":{"line":57,"column":8},"end":{"line":null,"column":-1}},"39":{"start":{"line":59,"column":8},"end":{"line":null,"column":-1}},"40":{"start":{"line":62,"column":4},"end":{"line":null,"column":-1}},"41":{"start":{"line":65,"column":17},"end":{"line":65,"column":4}},"42":{"start":{"line":66,"column":4},"end":{"line":null,"column":-1}},"43":{"start":{"line":69,"column":17},"end":{"line":69,"column":4}},"44":{"start":{"line":70,"column":4},"end":{"line":73,"column":5}},"45":{"start":{"line":71,"column":6},"end":{"line":null,"column":-1}},"46":{"start":{"line":72,"column":6},"end":{"line":null,"column":-1}},"47":{"start":{"line":74,"column":4},"end":{"line":76,"column":5}},"48":{"start":{"line":75,"column":6},"end":{"line":null,"column":-1}},"49":{"start":{"line":77,"column":4},"end":{"line":79,"column":5}},"50":{"start":{"line":78,"column":6},"end":{"line":null,"column":-1}},"51":{"start":{"line":82,"column":4},"end":{"line":null,"column":-1}},"52":{"start":{"line":86,"column":22},"end":{"line":86,"column":0}},"53":{"start":{"line":87,"column":0},"end":{"line":null,"column":-1}},"54":{"start":{"line":88,"column":15},"end":{"line":88,"column":1}}},"fnMap":{"0":{"name":"Gallery","decl":{"start":{"line":1,"column":4},"end":{"line":1,"column":14}},"loc":{"start":{"line":1,"column":33},"end":{"line":1,"column":0}}},"1":{"name":"minimizeButtonClick","decl":{"start":{"line":21,"column":22},"end":{"line":21,"column":33}},"loc":{"start":{"line":21,"column":34},"end":{"line":20,"column":20}}},"2":{"name":"maximizeButtonClick","decl":{"start":{"line":27,"column":22},"end":{"line":27,"column":33}},"loc":{"start":{"line":27,"column":34},"end":{"line":20,"column":20}}},"3":{"name":"initEvents","decl":{"start":{"line":33,"column":13},"end":{"line":33,"column":24}},"loc":{"start":{"line":33,"column":25},"end":{"line":20,"column":20}}},"4":{"name":"(anonymous_4)","decl":{"start":{"line":34,"column":34},"end":{"line":34,"column":43}},"loc":{"start":{"line":34,"column":44},"end":{"line":34,"column":2}}},"5":{"name":"handleImageClick","decl":{"start":{"line":43,"column":20},"end":{"line":43,"column":29}},"loc":{"start":{"line":43,"column":35},"end":{"line":20,"column":20}}},"6":{"name":"handleLeftScroll","decl":{"start":{"line":47,"column":20},"end":{"line":47,"column":31}},"loc":{"start":{"line":47,"column":32},"end":{"line":20,"column":20}}},"7":{"name":"handleRightScroll","decl":{"start":{"line":50,"column":21},"end":{"line":50,"column":32}},"loc":{"start":{"line":50,"column":33},"end":{"line":20,"column":20}}},"8":{"name":"handleScroll","decl":{"start":{"line":53,"column":16},"end":{"line":53,"column":25}},"loc":{"start":{"line":53,"column":31},"end":{"line":20,"column":20}}},"9":{"name":"canScroll","decl":{"start":{"line":64,"column":13},"end":{"line":64,"column":24}},"loc":{"start":{"line":64,"column":25},"end":{"line":20,"column":20}}},"10":{"name":"toggleControls","decl":{"start":{"line":68,"column":18},"end":{"line":68,"column":28}},"loc":{"start":{"line":68,"column":29},"end":{"line":20,"column":20}}},"11":{"name":"getCurrentPosition","decl":{"start":{"line":81,"column":22},"end":{"line":81,"column":33}},"loc":{"start":{"line":81,"column":34},"end":{"line":83,"column":3}}},"12":{"name":"(anonymous_12)","decl":{"start":{"line":87,"column":24},"end":{"line":87,"column":33}},"loc":{"start":{"line":87,"column":50},"end":{"line":87,"column":0}}}},"branchMap":{"0":{"loc":{"start":{"line":55,"column":4},"end":{"line":61,"column":5}},"type":"if","locations":[{"start":{"line":55,"column":4},"end":{"line":61,"column":5}},{"start":{"line":55,"column":4},"end":{"line":61,"column":5}}]},"1":{"loc":{"start":{"line":56,"column":6},"end":{"line":60,"column":7}},"type":"if","locations":[{"start":{"line":56,"column":6},"end":{"line":60,"column":7}},{"start":{"line":56,"column":6},"end":{"line":60,"column":7}}]},"2":{"loc":{"start":{"line":66,"column":11},"end":{"line":66,"column":10}},"type":"binary-expr","locations":[{"start":{"line":66,"column":11},"end":{"line":66,"column":10}},{"start":{"line":66,"column":26},"end":{"line":66,"column":4}}]},"3":{"loc":{"start":{"line":70,"column":4},"end":{"line":73,"column":5}},"type":"if","locations":[{"start":{"line":70,"column":4},"end":{"line":73,"column":5}},{"start":{"line":70,"column":4},"end":{"line":73,"column":5}}]},"4":{"loc":{"start":{"line":70,"column":7},"end":{"line":70,"column":6}},"type":"binary-expr","locations":[{"start":{"line":70,"column":7},"end":{"line":70,"column":6}},{"start":{"line":70,"column":21},"end":{"line":70,"column":4}}]},"5":{"loc":{"start":{"line":74,"column":4},"end":{"line":76,"column":5}},"type":"if","locations":[{"start":{"line":74,"column":4},"end":{"line":76,"column":5}},{"start":{"line":74,"column":4},"end":{"line":76,"column":5}}]},"6":{"loc":{"start":{"line":77,"column":4},"end":{"line":79,"column":5}},"type":"if","locations":[{"start":{"line":77,"column":4},"end":{"line":79,"column":5}},{"start":{"line":77,"column":4},"end":{"line":79,"column":5}}]},"7":{"loc":{"start":{"line":82,"column":11},"end":{"line":82,"column":74}},"type":"binary-expr","locations":[{"start":{"line":82,"column":11},"end":{"line":82,"column":74}},{"start":{"line":82,"column":75},"end":{"line":82,"column":4}}]}},"s":{"0":0,"1":0,"2":0,"3":0,"4":0,"5":0,"6":0,"7":0,"8":0,"9":0,"10":0,"11":0,"12":0,"13":0,"14":0,"15":0,"16":0,"17":0,"18":0,"19":0,"20":0,"21":0,"22":0,"23":0,"24":0,"25":0,"26":0,"27":0,"28":0,"29":0,"30":0,"31":0,"32":0,"33":0,"34":0,"35":0,"36":0,"37":0,"38":0,"39":0,"40":0,"41":0,"42":0,"43":0,"44":0,"45":0,"46":0,"47":0,"48":0,"49":0,"50":0,"51":0,"52":0,"53":0,"54":0},"f":{"0":0,"1":0,"2":0,"3":0,"4":0,"5":0,"6":0,"7":0,"8":0,"9":0,"10":0,"11":0,"12":0},"b":{"0":[0,0],"1":[0,0],"2":[0,0],"3":[0,0],"4":[0,0],"5":[0,0],"6":[0,0],"7":[0,0]}}
,"/Users/noetibbl/Documents/_WIP/SapientRazorfish/accessible-ecommerce-demo/components/global-nav/global-nav.js": {"path":"/Users/noetibbl/Documents/_WIP/SapientRazorfish/accessible-ecommerce-demo/components/global-nav/global-nav.js","statementMap":{"0":{"start":{"line":2,"column":16},"end":{"line":2,"column":0}},"1":{"start":{"line":3,"column":21},"end":{"line":3,"column":0}},"2":{"start":{"line":8,"column":2},"end":{"line":null,"column":-1}},"3":{"start":{"line":9,"column":2},"end":{"line":null,"column":-1}},"4":{"start":{"line":10,"column":2},"end":{"line":null,"column":-1}},"5":{"start":{"line":13,"column":0},"end":{"line":23,"column":0}},"6":{"start":{"line":15,"column":4},"end":{"line":null,"column":-1}},"7":{"start":{"line":16,"column":4},"end":{"line":null,"column":-1}},"8":{"start":{"line":24,"column":16},"end":{"line":24,"column":1}},"9":{"start":{"line":25,"column":1},"end":{"line":28,"column":2}},"10":{"start":{"line":26,"column":2},"end":{"line":null,"column":-1}},"11":{"start":{"line":27,"column":2},"end":{"line":null,"column":-1}},"12":{"start":{"line":32,"column":1},"end":{"line":null,"column":-1}},"13":{"start":{"line":33,"column":2},"end":{"line":null,"column":-1}},"14":{"start":{"line":38,"column":1},"end":{"line":null,"column":-1}},"15":{"start":{"line":42,"column":1},"end":{"line":null,"column":-1}},"16":{"start":{"line":43,"column":1},"end":{"line":null,"column":-1}},"17":{"start":{"line":47,"column":25},"end":{"line":47,"column":1}},"18":{"start":{"line":48,"column":31},"end":{"line":48,"column":1}},"19":{"start":{"line":49,"column":1},"end":{"line":52,"column":2}},"20":{"start":{"line":50,"column":22},"end":{"line":50,"column":2}},"21":{"start":{"line":51,"column":2},"end":{"line":null,"column":-1}},"22":{"start":{"line":56,"column":25},"end":{"line":56,"column":1}},"23":{"start":{"line":57,"column":31},"end":{"line":57,"column":1}},"24":{"start":{"line":58,"column":1},"end":{"line":61,"column":2}},"25":{"start":{"line":59,"column":22},"end":{"line":59,"column":2}},"26":{"start":{"line":60,"column":2},"end":{"line":null,"column":-1}},"27":{"start":{"line":65,"column":1},"end":{"line":69,"column":2}},"28":{"start":{"line":66,"column":2},"end":{"line":null,"column":-1}},"29":{"start":{"line":67,"column":2},"end":{"line":null,"column":-1}},"30":{"start":{"line":68,"column":2},"end":{"line":null,"column":-1}},"31":{"start":{"line":73,"column":1},"end":{"line":null,"column":-1}},"32":{"start":{"line":74,"column":16},"end":{"line":74,"column":1}},"33":{"start":{"line":75,"column":1},"end":{"line":null,"column":-1}},"34":{"start":{"line":76,"column":1},"end":{"line":null,"column":-1}},"35":{"start":{"line":77,"column":1},"end":{"line":null,"column":-1}},"36":{"start":{"line":78,"column":1},"end":{"line":null,"column":-1}},"37":{"start":{"line":79,"column":1},"end":{"line":null,"column":-1}},"38":{"start":{"line":83,"column":1},"end":{"line":null,"column":-1}},"39":{"start":{"line":87,"column":1},"end":{"line":null,"column":-1}},"40":{"start":{"line":88,"column":16},"end":{"line":88,"column":1}},"41":{"start":{"line":89,"column":1},"end":{"line":null,"column":-1}},"42":{"start":{"line":92,"column":1},"end":{"line":null,"column":-1}},"43":{"start":{"line":95,"column":0},"end":{"line":null,"column":-1}},"44":{"start":{"line":96,"column":1},"end":{"line":null,"column":-1}}},"fnMap":{"0":{"name":"GlobalNavigation","decl":{"start":{"line":7,"column":9},"end":{"line":7,"column":0}},"loc":{"start":{"line":7,"column":28},"end":{"line":11,"column":1}}},"1":{"name":"handleHamburgerMenuClick","decl":{"start":{"line":14,"column":28},"end":{"line":14,"column":37}},"loc":{"start":{"line":14,"column":43},"end":{"line":17,"column":3}}},"2":{"name":"onDocumentClick","decl":{"start":{"line":23,"column":9},"end":{"line":23,"column":0}},"loc":{"start":{"line":23,"column":32},"end":{"line":29,"column":1}}},"3":{"name":"addOnDocumentClickEventHandler","decl":{"start":{"line":31,"column":9},"end":{"line":31,"column":0}},"loc":{"start":{"line":31,"column":42},"end":{"line":35,"column":1}}},"4":{"name":"(anonymous_4)","decl":{"start":{"line":32,"column":12},"end":{"line":32,"column":22}},"loc":{"start":{"line":32,"column":23},"end":{"line":32,"column":1}}},"5":{"name":"removeOnDocumentClickEventHandler","decl":{"start":{"line":37,"column":9},"end":{"line":37,"column":0}},"loc":{"start":{"line":37,"column":45},"end":{"line":39,"column":1}}},"6":{"name":"onBlurTabableElement","decl":{"start":{"line":41,"column":9},"end":{"line":41,"column":0}},"loc":{"start":{"line":41,"column":37},"end":{"line":44,"column":1}}},"7":{"name":"addTabOutEventHandler","decl":{"start":{"line":46,"column":9},"end":{"line":46,"column":0}},"loc":{"start":{"line":46,"column":40},"end":{"line":53,"column":1}}},"8":{"name":"removeTabOutEventHandler","decl":{"start":{"line":55,"column":9},"end":{"line":55,"column":0}},"loc":{"start":{"line":55,"column":43},"end":{"line":62,"column":1}}},"9":{"name":"closeMenu","decl":{"start":{"line":64,"column":9},"end":{"line":64,"column":0}},"loc":{"start":{"line":64,"column":28},"end":{"line":70,"column":1}}},"10":{"name":"openMenu","decl":{"start":{"line":72,"column":9},"end":{"line":72,"column":0}},"loc":{"start":{"line":72,"column":27},"end":{"line":80,"column":1}}},"11":{"name":"closeAllMenus","decl":{"start":{"line":82,"column":9},"end":{"line":82,"column":0}},"loc":{"start":{"line":82,"column":25},"end":{"line":84,"column":1}}},"12":{"name":"onClickMenuItemWithSubmenu","decl":{"start":{"line":86,"column":9},"end":{"line":86,"column":0}},"loc":{"start":{"line":86,"column":43},"end":{"line":93,"column":1}}},"13":{"name":"(anonymous_13)","decl":{"start":{"line":95,"column":40},"end":{"line":95,"column":48}},"loc":{"start":{"line":95,"column":56},"end":{"line":95,"column":0}}}},"branchMap":{"0":{"loc":{"start":{"line":25,"column":1},"end":{"line":28,"column":2}},"type":"if","locations":[{"start":{"line":25,"column":1},"end":{"line":28,"column":2}},{"start":{"line":25,"column":1},"end":{"line":28,"column":2}}]},"1":{"loc":{"start":{"line":25,"column":4},"end":{"line":25,"column":3}},"type":"binary-expr","locations":[{"start":{"line":25,"column":4},"end":{"line":25,"column":3}},{"start":{"line":25,"column":49},"end":{"line":25,"column":4}},{"start":{"line":25,"column":87},"end":{"line":25,"column":1}}]},"2":{"loc":{"start":{"line":49,"column":1},"end":{"line":52,"column":2}},"type":"if","locations":[{"start":{"line":49,"column":1},"end":{"line":52,"column":2}},{"start":{"line":49,"column":1},"end":{"line":52,"column":2}}]},"3":{"loc":{"start":{"line":58,"column":1},"end":{"line":61,"column":2}},"type":"if","locations":[{"start":{"line":58,"column":1},"end":{"line":61,"column":2}},{"start":{"line":58,"column":1},"end":{"line":61,"column":2}}]},"4":{"loc":{"start":{"line":65,"column":1},"end":{"line":69,"column":2}},"type":"if","locations":[{"start":{"line":65,"column":1},"end":{"line":69,"column":2}},{"start":{"line":65,"column":1},"end":{"line":69,"column":2}}]},"5":{"loc":{"start":{"line":90,"column":2},"end":{"line":89,"column":1}},"type":"cond-expr","locations":[{"start":{"line":90,"column":2},"end":{"line":89,"column":1}},{"start":{"line":91,"column":2},"end":{"line":89,"column":1}}]}},"s":{"0":0,"1":0,"2":0,"3":0,"4":0,"5":0,"6":0,"7":0,"8":0,"9":0,"10":0,"11":0,"12":0,"13":0,"14":0,"15":0,"16":0,"17":0,"18":0,"19":0,"20":0,"21":0,"22":0,"23":0,"24":0,"25":0,"26":0,"27":0,"28":0,"29":0,"30":0,"31":0,"32":0,"33":0,"34":0,"35":0,"36":0,"37":0,"38":0,"39":0,"40":0,"41":0,"42":0,"43":0,"44":0},"f":{"0":0,"1":0,"2":0,"3":0,"4":0,"5":0,"6":0,"7":0,"8":0,"9":0,"10":0,"11":0,"12":0,"13":0},"b":{"0":[0,0],"1":[0,0,0],"2":[0,0],"3":[0,0],"4":[0,0],"5":[0,0]}}
,"/Users/noetibbl/Documents/_WIP/SapientRazorfish/accessible-ecommerce-demo/components/mini-cart/mini-cart.js": {"path":"/Users/noetibbl/Documents/_WIP/SapientRazorfish/accessible-ecommerce-demo/components/mini-cart/mini-cart.js","statementMap":{"0":{"start":{"line":3,"column":17},"end":{"line":3,"column":0}},"1":{"start":{"line":4,"column":22},"end":{"line":4,"column":4}},"2":{"start":{"line":5,"column":4},"end":{"line":null,"column":-1}},"3":{"start":{"line":6,"column":4},"end":{"line":null,"column":-1}},"4":{"start":{"line":7,"column":4},"end":{"line":null,"column":-1}},"5":{"start":{"line":8,"column":4},"end":{"line":null,"column":-1}},"6":{"start":{"line":10,"column":4},"end":{"line":null,"column":-1}},"7":{"start":{"line":12,"column":0},"end":{"line":null,"column":-1}},"8":{"start":{"line":14,"column":8},"end":{"line":null,"column":-1}},"9":{"start":{"line":15,"column":8},"end":{"line":null,"column":-1}},"10":{"start":{"line":16,"column":8},"end":{"line":null,"column":-1}},"11":{"start":{"line":17,"column":8},"end":{"line":null,"column":-1}},"12":{"start":{"line":18,"column":8},"end":{"line":null,"column":-1}},"13":{"start":{"line":19,"column":8},"end":{"line":null,"column":-1}},"14":{"start":{"line":24,"column":8},"end":{"line":null,"column":-1}},"15":{"start":{"line":29,"column":8},"end":{"line":null,"column":-1}},"16":{"start":{"line":30,"column":8},"end":{"line":null,"column":-1}},"17":{"start":{"line":32,"column":8},"end":{"line":null,"column":-1}},"18":{"start":{"line":35,"column":27},"end":{"line":35,"column":8}},"19":{"start":{"line":36,"column":8},"end":{"line":null,"column":-1}},"20":{"start":{"line":39,"column":8},"end":{"line":null,"column":-1}},"21":{"start":{"line":40,"column":8},"end":{"line":null,"column":-1}},"22":{"start":{"line":43,"column":8},"end":{"line":null,"column":-1}},"23":{"start":{"line":44,"column":8},"end":{"line":null,"column":-1}},"24":{"start":{"line":47,"column":8},"end":{"line":51,"column":9}},"25":{"start":{"line":48,"column":12},"end":{"line":null,"column":-1}},"26":{"start":{"line":50,"column":12},"end":{"line":null,"column":-1}},"27":{"start":{"line":54,"column":8},"end":{"line":null,"column":-1}},"28":{"start":{"line":59,"column":23},"end":{"line":59,"column":8}},"29":{"start":{"line":61,"column":8},"end":{"line":63,"column":9}},"30":{"start":{"line":62,"column":12},"end":{"line":null,"column":-1}},"31":{"start":{"line":67,"column":31},"end":{"line":67,"column":8}},"32":{"start":{"line":69,"column":3},"end":{"line":68,"column":2}},"33":{"start":{"line":83,"column":2},"end":{"line":85,"column":3}},"34":{"start":{"line":84,"column":3},"end":{"line":null,"column":-1}},"35":{"start":{"line":89,"column":25},"end":{"line":89,"column":0}},"36":{"start":{"line":90,"column":0},"end":{"line":null,"column":-1}},"37":{"start":{"line":91,"column":18},"end":{"line":91,"column":1}}},"fnMap":{"0":{"name":"MiniCart","decl":{"start":{"line":3,"column":6},"end":{"line":3,"column":17}},"loc":{"start":{"line":3,"column":36},"end":{"line":3,"column":0}}},"1":{"name":"initEvents","decl":{"start":{"line":13,"column":16},"end":{"line":13,"column":27}},"loc":{"start":{"line":13,"column":28},"end":{"line":12,"column":21}}},"2":{"name":"update","decl":{"start":{"line":34,"column":12},"end":{"line":34,"column":20}},"loc":{"start":{"line":34,"column":27},"end":{"line":12,"column":21}}},"3":{"name":"onFocus","decl":{"start":{"line":38,"column":13},"end":{"line":38,"column":24}},"loc":{"start":{"line":38,"column":25},"end":{"line":12,"column":21}}},"4":{"name":"onBlur","decl":{"start":{"line":42,"column":12},"end":{"line":42,"column":23}},"loc":{"start":{"line":42,"column":24},"end":{"line":12,"column":21}}},"5":{"name":"toggleMenu","decl":{"start":{"line":46,"column":16},"end":{"line":46,"column":27}},"loc":{"start":{"line":46,"column":28},"end":{"line":12,"column":21}}},"6":{"name":"onButtonBlur","decl":{"start":{"line":53,"column":18},"end":{"line":53,"column":27}},"loc":{"start":{"line":53,"column":31},"end":{"line":12,"column":21}}},"7":{"name":"onBodyClick","decl":{"start":{"line":58,"column":17},"end":{"line":58,"column":26}},"loc":{"start":{"line":58,"column":30},"end":{"line":12,"column":21}}},"8":{"name":"closeIfMenuBlurred","decl":{"start":{"line":65,"column":24},"end":{"line":65,"column":33}},"loc":{"start":{"line":65,"column":72},"end":{"line":86,"column":2}}},"9":{"name":"(anonymous_9)","decl":{"start":{"line":90,"column":25},"end":{"line":90,"column":34}},"loc":{"start":{"line":90,"column":52},"end":{"line":90,"column":0}}}},"branchMap":{"0":{"loc":{"start":{"line":47,"column":8},"end":{"line":51,"column":9}},"type":"if","locations":[{"start":{"line":47,"column":8},"end":{"line":51,"column":9}},{"start":{"line":47,"column":8},"end":{"line":51,"column":9}}]},"1":{"loc":{"start":{"line":61,"column":8},"end":{"line":63,"column":9}},"type":"if","locations":[{"start":{"line":61,"column":8},"end":{"line":63,"column":9}},{"start":{"line":61,"column":8},"end":{"line":63,"column":9}}]},"2":{"loc":{"start":{"line":61,"column":12},"end":{"line":61,"column":11}},"type":"binary-expr","locations":[{"start":{"line":61,"column":12},"end":{"line":61,"column":11}},{"start":{"line":61,"column":49},"end":{"line":61,"column":8}}]},"3":{"loc":{"start":{"line":67,"column":31},"end":{"line":67,"column":47}},"type":"binary-expr","locations":[{"start":{"line":67,"column":31},"end":{"line":67,"column":47}},{"start":{"line":67,"column":48},"end":{"line":67,"column":8}}]},"4":{"loc":{"start":{"line":69,"column":3},"end":{"line":69,"column":2}},"type":"binary-expr","locations":[{"start":{"line":69,"column":3},"end":{"line":69,"column":2}},{"start":{"line":70,"column":3},"end":{"line":69,"column":3}},{"start":{"line":71,"column":3},"end":{"line":68,"column":2}}]},"5":{"loc":{"start":{"line":83,"column":2},"end":{"line":85,"column":3}},"type":"if","locations":[{"start":{"line":83,"column":2},"end":{"line":85,"column":3}},{"start":{"line":83,"column":2},"end":{"line":85,"column":3}}]},"6":{"loc":{"start":{"line":83,"column":6},"end":{"line":83,"column":21}},"type":"binary-expr","locations":[{"start":{"line":83,"column":6},"end":{"line":83,"column":21}},{"start":{"line":83,"column":22},"end":{"line":83,"column":21}},{"start":{"line":83,"column":67},"end":{"line":83,"column":2}}]}},"s":{"0":0,"1":0,"2":0,"3":0,"4":0,"5":0,"6":0,"7":0,"8":0,"9":0,"10":0,"11":0,"12":0,"13":0,"14":0,"15":0,"16":0,"17":0,"18":0,"19":0,"20":0,"21":0,"22":0,"23":0,"24":0,"25":0,"26":0,"27":0,"28":0,"29":0,"30":0,"31":0,"32":0,"33":0,"34":0,"35":0,"36":0,"37":0},"f":{"0":0,"1":0,"2":0,"3":0,"4":0,"5":0,"6":0,"7":0,"8":0,"9":0},"b":{"0":[0,0],"1":[0,0],"2":[0,0],"3":[0,0],"4":[0,0,0],"5":[0,0],"6":[0,0,0]}}
,"/Users/noetibbl/Documents/_WIP/SapientRazorfish/accessible-ecommerce-demo/components/modal/modal.js": {"path":"/Users/noetibbl/Documents/_WIP/SapientRazorfish/accessible-ecommerce-demo/components/modal/modal.js","statementMap":{"0":{"start":{"line":5,"column":0},"end":{"line":null,"column":-1}},"1":{"start":{"line":7,"column":12},"end":{"line":7,"column":0}},"2":{"start":{"line":8,"column":1},"end":{"line":null,"column":-1}},"3":{"start":{"line":9,"column":1},"end":{"line":null,"column":-1}},"4":{"start":{"line":10,"column":1},"end":{"line":null,"column":-1}},"5":{"start":{"line":12,"column":1},"end":{"line":null,"column":-1}},"6":{"start":{"line":14,"column":1},"end":{"line":null,"column":-1}},"7":{"start":{"line":17,"column":0},"end":{"line":null,"column":-1}},"8":{"start":{"line":19,"column":2},"end":{"line":22,"column":3}},"9":{"start":{"line":20,"column":3},"end":{"line":null,"column":-1}},"10":{"start":{"line":21,"column":3},"end":{"line":null,"column":-1}},"11":{"start":{"line":24,"column":2},"end":{"line":26,"column":3}},"12":{"start":{"line":25,"column":3},"end":{"line":null,"column":-1}},"13":{"start":{"line":29,"column":2},"end":{"line":31,"column":3}},"14":{"start":{"line":30,"column":3},"end":{"line":null,"column":-1}},"15":{"start":{"line":34,"column":2},"end":{"line":null,"column":-1}},"16":{"start":{"line":35,"column":2},"end":{"line":null,"column":-1}},"17":{"start":{"line":36,"column":2},"end":{"line":null,"column":-1}},"18":{"start":{"line":37,"column":2},"end":{"line":null,"column":-1}},"19":{"start":{"line":38,"column":2},"end":{"line":null,"column":-1}},"20":{"start":{"line":39,"column":2},"end":{"line":null,"column":-1}},"21":{"start":{"line":42,"column":2},"end":{"line":null,"column":-1}},"22":{"start":{"line":43,"column":2},"end":{"line":null,"column":-1}},"23":{"start":{"line":44,"column":2},"end":{"line":null,"column":-1}},"24":{"start":{"line":45,"column":2},"end":{"line":null,"column":-1}},"25":{"start":{"line":46,"column":2},"end":{"line":null,"column":-1}},"26":{"start":{"line":48,"column":23},"end":{"line":null,"column":-1}},"27":{"start":{"line":49,"column":2},"end":{"line":null,"column":-1}},"28":{"start":{"line":51,"column":2},"end":{"line":null,"column":-1}},"29":{"start":{"line":53,"column":2},"end":{"line":null,"column":-1}},"30":{"start":{"line":53,"column":61},"end":{"line":null,"column":-1}},"31":{"start":{"line":55,"column":2},"end":{"line":null,"column":-1}},"32":{"start":{"line":55,"column":107},"end":{"line":null,"column":-1}},"33":{"start":{"line":59,"column":20},"end":{"line":59,"column":0}},"34":{"start":{"line":60,"column":0},"end":{"line":null,"column":-1}},"35":{"start":{"line":61,"column":13},"end":{"line":61,"column":1}}},"fnMap":{"0":{"name":"Modal","decl":{"start":{"line":7,"column":4},"end":{"line":7,"column":12}},"loc":{"start":{"line":7,"column":45},"end":{"line":7,"column":0}}},"1":{"name":"onKeyDown","decl":{"start":{"line":18,"column":12},"end":{"line":18,"column":20}},"loc":{"start":{"line":18,"column":27},"end":{"line":17,"column":18}}},"2":{"name":"onFocus","decl":{"start":{"line":28,"column":10},"end":{"line":28,"column":19}},"loc":{"start":{"line":28,"column":20},"end":{"line":17,"column":18}}},"3":{"name":"show","decl":{"start":{"line":33,"column":7},"end":{"line":33,"column":17}},"loc":{"start":{"line":33,"column":18},"end":{"line":17,"column":18}}},"4":{"name":"hide","decl":{"start":{"line":41,"column":7},"end":{"line":41,"column":17}},"loc":{"start":{"line":41,"column":18},"end":{"line":17,"column":18}}},"5":{"name":"initEvents","decl":{"start":{"line":48,"column":13},"end":{"line":48,"column":22}},"loc":{"start":{"line":48,"column":23},"end":{"line":56,"column":2}}},"6":{"name":"(anonymous_6)","decl":{"start":{"line":53,"column":61},"end":{"line":null,"column":-1}},"loc":{"start":{"line":53,"column":61},"end":{"line":53,"column":2}}},"7":{"name":"(anonymous_7)","decl":{"start":{"line":55,"column":107},"end":{"line":null,"column":-1}},"loc":{"start":{"line":55,"column":107},"end":{"line":55,"column":2}}},"8":{"name":"(anonymous_8)","decl":{"start":{"line":60,"column":22},"end":{"line":60,"column":31}},"loc":{"start":{"line":60,"column":46},"end":{"line":60,"column":0}}}},"branchMap":{"0":{"loc":{"start":{"line":10,"column":13},"end":{"line":10,"column":52}},"type":"binary-expr","locations":[{"start":{"line":10,"column":13},"end":{"line":10,"column":52}},{"start":{"line":10,"column":53},"end":{"line":10,"column":1}}]},"1":{"loc":{"start":{"line":19,"column":2},"end":{"line":22,"column":3}},"type":"if","locations":[{"start":{"line":19,"column":2},"end":{"line":22,"column":3}},{"start":{"line":19,"column":2},"end":{"line":22,"column":3}}]},"2":{"loc":{"start":{"line":19,"column":6},"end":{"line":19,"column":5}},"type":"binary-expr","locations":[{"start":{"line":19,"column":6},"end":{"line":19,"column":5}},{"start":{"line":19,"column":20},"end":{"line":19,"column":2}}]},"3":{"loc":{"start":{"line":24,"column":2},"end":{"line":26,"column":3}},"type":"if","locations":[{"start":{"line":24,"column":2},"end":{"line":26,"column":3}},{"start":{"line":24,"column":2},"end":{"line":26,"column":3}}]},"4":{"loc":{"start":{"line":24,"column":6},"end":{"line":24,"column":5}},"type":"binary-expr","locations":[{"start":{"line":24,"column":6},"end":{"line":24,"column":5}},{"start":{"line":24,"column":20},"end":{"line":24,"column":2}}]},"5":{"loc":{"start":{"line":29,"column":2},"end":{"line":31,"column":3}},"type":"if","locations":[{"start":{"line":29,"column":2},"end":{"line":31,"column":3}},{"start":{"line":29,"column":2},"end":{"line":31,"column":3}}]},"6":{"loc":{"start":{"line":29,"column":6},"end":{"line":29,"column":5}},"type":"binary-expr","locations":[{"start":{"line":29,"column":6},"end":{"line":29,"column":5}},{"start":{"line":29,"column":20},"end":{"line":29,"column":2}}]}},"s":{"0":0,"1":0,"2":0,"3":0,"4":0,"5":0,"6":0,"7":0,"8":0,"9":0,"10":0,"11":0,"12":0,"13":0,"14":0,"15":0,"16":0,"17":0,"18":0,"19":0,"20":0,"21":0,"22":0,"23":0,"24":0,"25":0,"26":0,"27":0,"28":0,"29":0,"30":0,"31":0,"32":0,"33":0,"34":0,"35":0},"f":{"0":0,"1":0,"2":0,"3":0,"4":0,"5":0,"6":0,"7":0,"8":0},"b":{"0":[0,0],"1":[0,0],"2":[0,0],"3":[0,0],"4":[0,0],"5":[0,0],"6":[0,0]}}
,"/Users/noetibbl/Documents/_WIP/SapientRazorfish/accessible-ecommerce-demo/components/product-grid/product-grid.js": {"path":"/Users/noetibbl/Documents/_WIP/SapientRazorfish/accessible-ecommerce-demo/components/product-grid/product-grid.js","statementMap":{"0":{"start":{"line":1,"column":18},"end":{"line":1,"column":0}},"1":{"start":{"line":4,"column":26},"end":{"line":4,"column":1}},"2":{"start":{"line":5,"column":44},"end":{"line":5,"column":1}},"3":{"start":{"line":6,"column":31},"end":{"line":6,"column":1}},"4":{"start":{"line":7,"column":44},"end":{"line":7,"column":1}},"5":{"start":{"line":8,"column":20},"end":{"line":8,"column":1}},"6":{"start":{"line":9,"column":19},"end":{"line":9,"column":1}},"7":{"start":{"line":10,"column":16},"end":{"line":10,"column":1}},"8":{"start":{"line":13,"column":1},"end":{"line":null,"column":-1}},"9":{"start":{"line":14,"column":2},"end":{"line":null,"column":-1}},"10":{"start":{"line":17,"column":1},"end":{"line":null,"column":-1}},"11":{"start":{"line":18,"column":2},"end":{"line":null,"column":-1}},"12":{"start":{"line":22,"column":2},"end":{"line":null,"column":-1}},"13":{"start":{"line":23,"column":2},"end":{"line":null,"column":-1}},"14":{"start":{"line":27,"column":31},"end":{"line":27,"column":2}},"15":{"start":{"line":28,"column":2},"end":{"line":null,"column":-1}},"16":{"start":{"line":29,"column":3},"end":{"line":31,"column":4}},"17":{"start":{"line":30,"column":4},"end":{"line":null,"column":-1}},"18":{"start":{"line":34,"column":24},"end":{"line":34,"column":2}},"19":{"start":{"line":36,"column":2},"end":{"line":null,"column":-1}},"20":{"start":{"line":37,"column":2},"end":{"line":41,"column":3}},"21":{"start":{"line":38,"column":3},"end":{"line":null,"column":-1}},"22":{"start":{"line":40,"column":3},"end":{"line":null,"column":-1}},"23":{"start":{"line":46,"column":31},"end":{"line":46,"column":2}},"24":{"start":{"line":47,"column":2},"end":{"line":null,"column":-1}},"25":{"start":{"line":50,"column":18},"end":{"line":50,"column":1}},"26":{"start":{"line":52,"column":1},"end":{"line":null,"column":-1}},"27":{"start":{"line":53,"column":2},"end":{"line":null,"column":-1}},"28":{"start":{"line":54,"column":3},"end":{"line":null,"column":-1}},"29":{"start":{"line":55,"column":3},"end":{"line":null,"column":-1}},"30":{"start":{"line":57,"column":3},"end":{"line":null,"column":-1}},"31":{"start":{"line":58,"column":3},"end":{"line":null,"column":-1}},"32":{"start":{"line":59,"column":4},"end":{"line":null,"column":-1}},"33":{"start":{"line":62,"column":4},"end":{"line":null,"column":-1}},"34":{"start":{"line":67,"column":1},"end":{"line":null,"column":-1}},"35":{"start":{"line":68,"column":24},"end":{"line":68,"column":2}},"36":{"start":{"line":69,"column":26},"end":{"line":69,"column":2}},"37":{"start":{"line":70,"column":31},"end":{"line":70,"column":2}},"38":{"start":{"line":71,"column":20},"end":{"line":71,"column":2}},"39":{"start":{"line":72,"column":31},"end":{"line":72,"column":2}},"40":{"start":{"line":73,"column":31},"end":{"line":73,"column":2}},"41":{"start":{"line":74,"column":23},"end":{"line":74,"column":2}},"42":{"start":{"line":76,"column":2},"end":{"line":null,"column":-1}},"43":{"start":{"line":78,"column":3},"end":{"line":null,"column":-1}},"44":{"start":{"line":79,"column":3},"end":{"line":null,"column":-1}},"45":{"start":{"line":82,"column":3},"end":{"line":null,"column":-1}},"46":{"start":{"line":83,"column":3},"end":{"line":null,"column":-1}},"47":{"start":{"line":88,"column":2},"end":{"line":null,"column":-1}}},"fnMap":{"0":{"name":"ProductGrid","decl":{"start":{"line":1,"column":4},"end":{"line":1,"column":18}},"loc":{"start":{"line":1,"column":30},"end":{"line":1,"column":0}}},"1":{"name":"(anonymous_1)","decl":{"start":{"line":13,"column":46},"end":{"line":13,"column":57}},"loc":{"start":{"line":13,"column":58},"end":{"line":13,"column":1}}},"2":{"name":"(anonymous_2)","decl":{"start":{"line":17,"column":22},"end":{"line":17,"column":31}},"loc":{"start":{"line":17,"column":45},"end":{"line":17,"column":1}}},"3":{"name":"updateNumberOfAppliedFiltersAndProductsShowing","decl":{"start":{"line":21,"column":10},"end":{"line":21,"column":1}},"loc":{"start":{"line":21,"column":59},"end":{"line":24,"column":2}}},"4":{"name":"updateNumberOfAppliedFilters","decl":{"start":{"line":26,"column":10},"end":{"line":26,"column":1}},"loc":{"start":{"line":26,"column":41},"end":{"line":42,"column":2}}},"5":{"name":"(anonymous_5)","decl":{"start":{"line":28,"column":23},"end":{"line":28,"column":32}},"loc":{"start":{"line":28,"column":46},"end":{"line":28,"column":2}}},"6":{"name":"updateNumberOfProductsShowing","decl":{"start":{"line":44,"column":10},"end":{"line":44,"column":1}},"loc":{"start":{"line":44,"column":42},"end":{"line":48,"column":2}}},"7":{"name":"(anonymous_7)","decl":{"start":{"line":52,"column":20},"end":{"line":52,"column":20}},"loc":{"start":{"line":52,"column":39},"end":{"line":52,"column":1}}},"8":{"name":"(anonymous_8)","decl":{"start":{"line":53,"column":42},"end":{"line":53,"column":42}},"loc":{"start":{"line":53,"column":51},"end":{"line":53,"column":2}}},"9":{"name":"(anonymous_9)","decl":{"start":{"line":58,"column":14},"end":{"line":58,"column":25}},"loc":{"start":{"line":58,"column":26},"end":{"line":58,"column":3}}},"10":{"name":"(anonymous_10)","decl":{"start":{"line":67,"column":18},"end":{"line":67,"column":27}},"loc":{"start":{"line":67,"column":44},"end":{"line":67,"column":1}}},"11":{"name":"(anonymous_11)","decl":{"start":{"line":76,"column":44},"end":{"line":76,"column":53}},"loc":{"start":{"line":76,"column":59},"end":{"line":76,"column":2}}},"12":{"name":"updateMiniCart","decl":{"start":{"line":87,"column":10},"end":{"line":87,"column":1}},"loc":{"start":{"line":87,"column":46},"end":{"line":93,"column":2}}}},"branchMap":{"0":{"loc":{"start":{"line":29,"column":3},"end":{"line":31,"column":4}},"type":"if","locations":[{"start":{"line":29,"column":3},"end":{"line":31,"column":4}},{"start":{"line":29,"column":3},"end":{"line":31,"column":4}}]},"1":{"loc":{"start":{"line":34,"column":55},"end":{"line":34,"column":24}},"type":"cond-expr","locations":[{"start":{"line":34,"column":55},"end":{"line":34,"column":24}},{"start":{"line":34,"column":66},"end":{"line":34,"column":2}}]},"2":{"loc":{"start":{"line":37,"column":2},"end":{"line":41,"column":3}},"type":"if","locations":[{"start":{"line":37,"column":2},"end":{"line":41,"column":3}},{"start":{"line":37,"column":2},"end":{"line":41,"column":3}}]}},"s":{"0":0,"1":0,"2":0,"3":0,"4":0,"5":0,"6":0,"7":0,"8":0,"9":0,"10":0,"11":0,"12":0,"13":0,"14":0,"15":0,"16":0,"17":0,"18":0,"19":0,"20":0,"21":0,"22":0,"23":0,"24":0,"25":0,"26":0,"27":0,"28":0,"29":0,"30":0,"31":0,"32":0,"33":0,"34":0,"35":0,"36":0,"37":0,"38":0,"39":0,"40":0,"41":0,"42":0,"43":0,"44":0,"45":0,"46":0,"47":0},"f":{"0":0,"1":0,"2":0,"3":0,"4":0,"5":0,"6":0,"7":0,"8":0,"9":0,"10":0,"11":0,"12":0},"b":{"0":[0,0],"1":[0,0],"2":[0,0]}}
,"/Users/noetibbl/Documents/_WIP/SapientRazorfish/accessible-ecommerce-demo/components/size-chart/size-chart.js": {"path":"/Users/noetibbl/Documents/_WIP/SapientRazorfish/accessible-ecommerce-demo/components/size-chart/size-chart.js","statementMap":{"0":{"start":{"line":1,"column":16},"end":{"line":1,"column":0}},"1":{"start":{"line":2,"column":1},"end":{"line":null,"column":-1}},"2":{"start":{"line":3,"column":1},"end":{"line":null,"column":-1}},"3":{"start":{"line":4,"column":1},"end":{"line":null,"column":-1}},"4":{"start":{"line":5,"column":1},"end":{"line":null,"column":-1}},"5":{"start":{"line":6,"column":1},"end":{"line":null,"column":-1}},"6":{"start":{"line":8,"column":1},"end":{"line":null,"column":-1}},"7":{"start":{"line":10,"column":0},"end":{"line":null,"column":-1}},"8":{"start":{"line":12,"column":2},"end":{"line":null,"column":-1}},"9":{"start":{"line":15,"column":24},"end":{"line":15,"column":2}},"10":{"start":{"line":16,"column":2},"end":{"line":null,"column":-1}},"11":{"start":{"line":17,"column":2},"end":{"line":null,"column":-1}},"12":{"start":{"line":18,"column":2},"end":{"line":null,"column":-1}},"13":{"start":{"line":19,"column":3},"end":{"line":null,"column":-1}},"14":{"start":{"line":22,"column":2},"end":{"line":null,"column":-1}},"15":{"start":{"line":23,"column":2},"end":{"line":null,"column":-1}},"16":{"start":{"line":26,"column":24},"end":{"line":26,"column":0}},"17":{"start":{"line":27,"column":0},"end":{"line":null,"column":-1}},"18":{"start":{"line":28,"column":17},"end":{"line":28,"column":1}}},"fnMap":{"0":{"name":"SizeChart","decl":{"start":{"line":1,"column":4},"end":{"line":1,"column":16}},"loc":{"start":{"line":1,"column":35},"end":{"line":1,"column":0}}},"1":{"name":"initEvents","decl":{"start":{"line":11,"column":13},"end":{"line":11,"column":24}},"loc":{"start":{"line":11,"column":25},"end":{"line":10,"column":22}}},"2":{"name":"onToggle","decl":{"start":{"line":14,"column":11},"end":{"line":14,"column":22}},"loc":{"start":{"line":14,"column":23},"end":{"line":24,"column":2}}},"3":{"name":"(anonymous_3)","decl":{"start":{"line":18,"column":31},"end":{"line":18,"column":40}},"loc":{"start":{"line":18,"column":41},"end":{"line":18,"column":2}}},"4":{"name":"(anonymous_4)","decl":{"start":{"line":27,"column":26},"end":{"line":27,"column":35}},"loc":{"start":{"line":27,"column":54},"end":{"line":27,"column":0}}}},"branchMap":{"0":{"loc":{"start":{"line":16,"column":67},"end":{"line":16,"column":36}},"type":"cond-expr","locations":[{"start":{"line":16,"column":67},"end":{"line":16,"column":36}},{"start":{"line":16,"column":83},"end":{"line":16,"column":2}}]},"1":{"loc":{"start":{"line":17,"column":67},"end":{"line":17,"column":36}},"type":"cond-expr","locations":[{"start":{"line":17,"column":67},"end":{"line":17,"column":36}},{"start":{"line":17,"column":78},"end":{"line":17,"column":2}}]}},"s":{"0":0,"1":0,"2":0,"3":0,"4":0,"5":0,"6":0,"7":0,"8":0,"9":0,"10":0,"11":0,"12":0,"13":0,"14":0,"15":0,"16":0,"17":0,"18":0},"f":{"0":0,"1":0,"2":0,"3":0,"4":0},"b":{"0":[0,0],"1":[0,0]}}
,"/Users/noetibbl/Documents/_WIP/SapientRazorfish/accessible-ecommerce-demo/coverage/lcov-report/block-navigation.js": {"path":"/Users/noetibbl/Documents/_WIP/SapientRazorfish/accessible-ecommerce-demo/coverage/lcov-report/block-navigation.js","statementMap":{"0":{"start":{"line":1,"column":18},"end":{"line":1,"column":0}},"1":{"start":{"line":3,"column":31},"end":{"line":3,"column":2}},"2":{"start":{"line":6,"column":20},"end":{"line":6,"column":2}},"3":{"start":{"line":9,"column":17},"end":{"line":9,"column":2}},"4":{"start":{"line":12,"column":32},"end":{"line":12,"column":2}},"5":{"start":{"line":17,"column":4},"end":{"line":null,"column":-1}},"6":{"start":{"line":18,"column":4},"end":{"line":null,"column":-1}},"7":{"start":{"line":22,"column":4},"end":{"line":null,"column":-1}},"8":{"start":{"line":23,"column":4},"end":{"line":null,"column":-1}},"9":{"start":{"line":24,"column":4},"end":{"line":null,"column":-1}},"10":{"start":{"line":29,"column":20},"end":{"line":29,"column":4}},"11":{"start":{"line":30,"column":4},"end":{"line":34,"column":5}},"12":{"start":{"line":31,"column":6},"end":{"line":null,"column":-1}},"13":{"start":{"line":32,"column":11},"end":{"line":34,"column":5}},"14":{"start":{"line":33,"column":6},"end":{"line":null,"column":-1}},"15":{"start":{"line":36,"column":4},"end":{"line":null,"column":-1}},"16":{"start":{"line":40,"column":20},"end":{"line":40,"column":4}},"17":{"start":{"line":42,"column":4},"end":{"line":44,"column":5}},"18":{"start":{"line":43,"column":6},"end":{"line":null,"column":-1}},"19":{"start":{"line":46,"column":4},"end":{"line":null,"column":-1}},"20":{"start":{"line":49,"column":2},"end":{"line":null,"column":-1}},"21":{"start":{"line":50,"column":4},"end":{"line":null,"column":-1}},"22":{"start":{"line":53,"column":8},"end":{"line":null,"column":-1}},"23":{"start":{"line":54,"column":8},"end":{"line":null,"column":-1}},"24":{"start":{"line":58,"column":8},"end":{"line":null,"column":-1}},"25":{"start":{"line":59,"column":8},"end":{"line":null,"column":-1}},"26":{"start":{"line":63,"column":0},"end":{"line":null,"column":-1}}},"fnMap":{"0":{"name":"init","decl":{"start":{"line":1,"column":27},"end":{"line":1,"column":18}},"loc":{"start":{"line":1,"column":35},"end":{"line":1,"column":18}}},"1":{"name":"toggleClass","decl":{"start":{"line":16,"column":11},"end":{"line":16,"column":2}},"loc":{"start":{"line":16,"column":30},"end":{"line":19,"column":3}}},"2":{"name":"makeCurrent","decl":{"start":{"line":21,"column":11},"end":{"line":21,"column":2}},"loc":{"start":{"line":21,"column":30},"end":{"line":26,"column":3}}},"3":{"name":"goToPrevious","decl":{"start":{"line":28,"column":11},"end":{"line":28,"column":2}},"loc":{"start":{"line":28,"column":26},"end":{"line":37,"column":3}}},"4":{"name":"goToNext","decl":{"start":{"line":39,"column":11},"end":{"line":39,"column":2}},"loc":{"start":{"line":39,"column":22},"end":{"line":47,"column":3}}},"5":{"name":"jump","decl":{"start":{"line":49,"column":18},"end":{"line":49,"column":9}},"loc":{"start":{"line":49,"column":30},"end":{"line":49,"column":2}}}},"branchMap":{"0":{"loc":{"start":{"line":30,"column":4},"end":{"line":34,"column":5}},"type":"if","locations":[{"start":{"line":30,"column":4},"end":{"line":34,"column":5}},{"start":{"line":30,"column":4},"end":{"line":34,"column":5}}]},"1":{"loc":{"start":{"line":30,"column":8},"end":{"line":30,"column":7}},"type":"binary-expr","locations":[{"start":{"line":30,"column":8},"end":{"line":30,"column":7}},{"start":{"line":30,"column":44},"end":{"line":30,"column":4}}]},"2":{"loc":{"start":{"line":32,"column":11},"end":{"line":34,"column":5}},"type":"if","locations":[{"start":{"line":32,"column":11},"end":{"line":34,"column":5}},{"start":{"line":32,"column":11},"end":{"line":34,"column":5}}]},"3":{"loc":{"start":{"line":42,"column":4},"end":{"line":44,"column":5}},"type":"if","locations":[{"start":{"line":42,"column":4},"end":{"line":44,"column":5}},{"start":{"line":42,"column":4},"end":{"line":44,"column":5}}]},"4":{"loc":{"start":{"line":42,"column":8},"end":{"line":42,"column":7}},"type":"binary-expr","locations":[{"start":{"line":42,"column":8},"end":{"line":42,"column":7}},{"start":{"line":42,"column":44},"end":{"line":42,"column":4}}]},"5":{"loc":{"start":{"line":51,"column":6},"end":{"line":50,"column":4}},"type":"switch","locations":[{"start":{"line":51,"column":6},"end":{"line":50,"column":4}},{"start":{"line":52,"column":6},"end":{"line":54,"column":8}},{"start":{"line":55,"column":6},"end":{"line":50,"column":4}},{"start":{"line":56,"column":6},"end":{"line":50,"column":4}},{"start":{"line":57,"column":6},"end":{"line":59,"column":8}}]}},"s":{"0":0,"1":0,"2":0,"3":0,"4":0,"5":0,"6":0,"7":0,"8":0,"9":0,"10":0,"11":0,"12":0,"13":0,"14":0,"15":0,"16":0,"17":0,"18":0,"19":0,"20":0,"21":0,"22":0,"23":0,"24":0,"25":0,"26":0},"f":{"0":0,"1":0,"2":0,"3":0,"4":0,"5":0},"b":{"0":[0,0],"1":[0,0],"2":[0,0],"3":[0,0],"4":[0,0],"5":[0,0,0,0,0]}}
,"/Users/noetibbl/Documents/_WIP/SapientRazorfish/accessible-ecommerce-demo/coverage/lcov-report/prettify.js": {"path":"/Users/noetibbl/Documents/_WIP/SapientRazorfish/accessible-ecommerce-demo/coverage/lcov-report/prettify.js","statementMap":{"0":{"start":{"line":1,"column":0},"end":{"line":1,"column":39}},"1":{"start":{"line":1,"column":39},"end":{"line":1,"column":15785}},"2":{"start":{"line":1,"column":57},"end":{"line":1,"column":51}},"3":{"start":{"line":1,"column":110},"end":{"line":1,"column":104}},"4":{"start":{"line":1,"column":277},"end":{"line":1,"column":271}},"5":{"start":{"line":1,"column":386},"end":{"line":1,"column":380}},"6":{"start":{"line":1,"column":651},"end":{"line":1,"column":645}},"7":{"start":{"line":1,"column":801},"end":{"line":1,"column":795}},"8":{"start":{"line":1,"column":1076},"end":{"line":1,"column":1070}},"9":{"start":{"line":1,"column":1241},"end":{"line":1,"column":1235}},"10":{"start":{"line":1,"column":1328},"end":{"line":1,"column":1322}},"11":{"start":{"line":1,"column":1511},"end":{"line":1,"column":1505}},"12":{"start":{"line":1,"column":1672},"end":{"line":1,"column":1666}},"13":{"start":{"line":1,"column":1851},"end":{"line":1,"column":1845}},"14":{"start":{"line":1,"column":1924},"end":{"line":1,"column":1918}},"15":{"start":{"line":1,"column":1946},"end":{"line":1,"column":1940}},"16":{"start":{"line":1,"column":2065},"end":{"line":1,"column":2059}},"17":{"start":{"line":1,"column":2077},"end":{"line":1,"column":2071}},"18":{"start":{"line":1,"column":2089},"end":{"line":1,"column":2083}},"19":{"start":{"line":1,"column":2101},"end":{"line":1,"column":2095}},"20":{"start":{"line":1,"column":2113},"end":{"line":1,"column":2107}},"21":{"start":{"line":1,"column":2125},"end":{"line":1,"column":2119}},"22":{"start":{"line":1,"column":2137},"end":{"line":1,"column":2131}},"23":{"start":{"line":1,"column":2149},"end":{"line":1,"column":2143}},"24":{"start":{"line":1,"column":2161},"end":{"line":1,"column":2155}},"25":{"start":{"line":1,"column":2173},"end":{"line":1,"column":2167}},"26":{"start":{"line":1,"column":2185},"end":{"line":1,"column":2179}},"27":{"start":{"line":1,"column":2197},"end":{"line":1,"column":2191}},"28":{"start":{"line":1,"column":2209},"end":{"line":1,"column":2203}},"29":{"start":{"line":1,"column":2224},"end":{"line":1,"column":2218}},"30":{"start":{"line":1,"column":2545},"end":{"line":1,"column":2538}},"31":{"start":{"line":1,"column":2553},"end":{"line":1,"column":2547}},"32":{"start":{"line":1,"column":2566},"end":{"line":1,"column":2559}},"33":{"start":{"line":1,"column":2572},"end":{"line":1,"column":2754}},"34":{"start":{"line":1,"column":2611},"end":{"line":1,"column":2604}},"35":{"start":{"line":1,"column":2616},"end":{"line":1,"column":2753}},"36":{"start":{"line":1,"column":2634},"end":{"line":null,"column":-1}},"37":{"start":{"line":1,"column":2647},"end":{"line":1,"column":2752}},"38":{"start":{"line":1,"column":2730},"end":{"line":1,"column":2737}},"39":{"start":{"line":1,"column":2737},"end":{"line":1,"column":2746}},"40":{"start":{"line":1,"column":2746},"end":{"line":null,"column":-1}},"41":{"start":{"line":1,"column":2760},"end":{"line":1,"column":2754}},"42":{"start":{"line":1,"column":2813},"end":{"line":1,"column":2806}},"43":{"start":{"line":1,"column":2830},"end":{"line":1,"column":2852}},"44":{"start":{"line":1,"column":2842},"end":{"line":null,"column":-1}},"45":{"start":{"line":1,"column":2859},"end":{"line":1,"column":2852}},"46":{"start":{"line":1,"column":2872},"end":{"line":1,"column":2881}},"47":{"start":{"line":1,"column":2881},"end":{"line":1,"column":3054}},"48":{"start":{"line":1,"column":2888},"end":{"line":null,"column":-1}},"49":{"start":{"line":1,"column":2903},"end":{"line":1,"column":3053}},"50":{"start":{"line":1,"column":2924},"end":{"line":null,"column":-1}},"51":{"start":{"line":1,"column":2964},"end":{"line":1,"column":3052}},"52":{"start":{"line":1,"column":2987},"end":{"line":null,"column":-1}},"53":{"start":{"line":1,"column":3028},"end":{"line":null,"column":-1}},"54":{"start":{"line":1,"column":3070},"end":{"line":1,"column":3123}},"55":{"start":{"line":1,"column":3080},"end":{"line":null,"column":-1}},"56":{"start":{"line":1,"column":3130},"end":{"line":1,"column":3123}},"57":{"start":{"line":1,"column":3154},"end":{"line":1,"column":3209}},"58":{"start":{"line":1,"column":3198},"end":{"line":null,"column":-1}},"59":{"start":{"line":1,"column":3209},"end":{"line":null,"column":-1}},"60":{"start":{"line":1,"column":3241},"end":{"line":1,"column":3234}},"61":{"start":{"line":1,"column":3400},"end":{"line":1,"column":3393}},"62":{"start":{"line":1,"column":3410},"end":{"line":1,"column":3403}},"63":{"start":{"line":1,"column":3420},"end":{"line":1,"column":3413}},"64":{"start":{"line":1,"column":3432},"end":{"line":1,"column":3796}},"65":{"start":{"line":1,"column":3482},"end":{"line":1,"column":3475}},"66":{"start":{"line":1,"column":3489},"end":{"line":1,"column":3795}},"67":{"start":{"line":1,"column":3514},"end":{"line":null,"column":-1}},"68":{"start":{"line":1,"column":3538},"end":{"line":1,"column":3531}},"69":{"start":{"line":1,"column":3552},"end":{"line":1,"column":3613}},"70":{"start":{"line":1,"column":3580},"end":{"line":1,"column":3596}},"71":{"start":{"line":1,"column":3596},"end":{"line":null,"column":-1}},"72":{"start":{"line":1,"column":3607},"end":{"line":null,"column":-1}},"73":{"start":{"line":1,"column":3613},"end":{"line":1,"column":3630}},"74":{"start":{"line":1,"column":3630},"end":{"line":1,"column":3794}},"75":{"start":{"line":1,"column":3651},"end":{"line":1,"column":3720}},"76":{"start":{"line":1,"column":3671},"end":{"line":null,"column":-1}},"77":{"start":{"line":1,"column":3720},"end":{"line":1,"column":3793}},"78":{"start":{"line":1,"column":3741},"end":{"line":null,"column":-1}},"79":{"start":{"line":1,"column":3796},"end":{"line":1,"column":3857}},"80":{"start":{"line":1,"column":3820},"end":{"line":null,"column":-1}},"81":{"start":{"line":1,"column":3864},"end":{"line":1,"column":3857}},"82":{"start":{"line":1,"column":3874},"end":{"line":1,"column":3867}},"83":{"start":{"line":1,"column":3884},"end":{"line":1,"column":3998}},"84":{"start":{"line":1,"column":3923},"end":{"line":1,"column":3916}},"85":{"start":{"line":1,"column":3930},"end":{"line":1,"column":3997}},"86":{"start":{"line":1,"column":3949},"end":{"line":null,"column":-1}},"87":{"start":{"line":1,"column":3982},"end":{"line":null,"column":-1}},"88":{"start":{"line":1,"column":4005},"end":{"line":1,"column":3998}},"89":{"start":{"line":1,"column":4011},"end":{"line":1,"column":4031}},"90":{"start":{"line":1,"column":4018},"end":{"line":null,"column":-1}},"91":{"start":{"line":1,"column":4031},"end":{"line":1,"column":4052}},"92":{"start":{"line":1,"column":4052},"end":{"line":1,"column":4182}},"93":{"start":{"line":1,"column":4091},"end":{"line":1,"column":4084}},"94":{"start":{"line":1,"column":4098},"end":{"line":1,"column":4116}},"95":{"start":{"line":1,"column":4116},"end":{"line":1,"column":4181}},"96":{"start":{"line":1,"column":4132},"end":{"line":1,"column":4163}},"97":{"start":{"line":1,"column":4150},"end":{"line":null,"column":-1}},"98":{"start":{"line":1,"column":4163},"end":{"line":null,"column":-1}},"99":{"start":{"line":1,"column":4182},"end":{"line":1,"column":4195}},"100":{"start":{"line":1,"column":4195},"end":{"line":null,"column":-1}},"101":{"start":{"line":1,"column":4236},"end":{"line":1,"column":4229}},"102":{"start":{"line":1,"column":4432},"end":{"line":1,"column":4425}},"103":{"start":{"line":1,"column":4449},"end":{"line":1,"column":4442}},"104":{"start":{"line":1,"column":4452},"end":{"line":1,"column":4595}},"105":{"start":{"line":1,"column":4489},"end":{"line":1,"column":4482}},"106":{"start":{"line":1,"column":4496},"end":{"line":1,"column":4594}},"107":{"start":{"line":1,"column":4509},"end":{"line":null,"column":-1}},"108":{"start":{"line":1,"column":4519},"end":{"line":1,"column":4593}},"109":{"start":{"line":1,"column":4550},"end":{"line":1,"column":4543}},"110":{"start":{"line":1,"column":4567},"end":{"line":1,"column":4592}},"111":{"start":{"line":1,"column":4582},"end":{"line":null,"column":-1}},"112":{"start":{"line":1,"column":4595},"end":{"line":1,"column":4656}},"113":{"start":{"line":1,"column":4627},"end":{"line":1,"column":4655}},"114":{"start":{"line":1,"column":4643},"end":{"line":null,"column":-1}},"115":{"start":{"line":1,"column":4656},"end":{"line":1,"column":4845}},"116":{"start":{"line":1,"column":4693},"end":{"line":1,"column":4686}},"117":{"start":{"line":1,"column":4700},"end":{"line":1,"column":4844}},"118":{"start":{"line":1,"column":4713},"end":{"line":1,"column":4718}},"119":{"start":{"line":1,"column":4718},"end":{"line":1,"column":4754}},"120":{"start":{"line":1,"column":4741},"end":{"line":null,"column":-1}},"121":{"start":{"line":1,"column":4760},"end":{"line":1,"column":4843}},"122":{"start":{"line":1,"column":4791},"end":{"line":1,"column":4784}},"123":{"start":{"line":1,"column":4808},"end":{"line":1,"column":4842}},"124":{"start":{"line":1,"column":4823},"end":{"line":null,"column":-1}},"125":{"start":{"line":1,"column":4845},"end":{"line":1,"column":4919}},"126":{"start":{"line":1,"column":4875},"end":{"line":1,"column":4918}},"127":{"start":{"line":1,"column":4908},"end":{"line":null,"column":-1}},"128":{"start":{"line":1,"column":4919},"end":{"line":1,"column":5178}},"129":{"start":{"line":1,"column":4940},"end":{"line":1,"column":5177}},"130":{"start":{"line":1,"column":4972},"end":{"line":1,"column":4965}},"131":{"start":{"line":1,"column":4986},"end":{"line":1,"column":4979}},"132":{"start":{"line":1,"column":4999},"end":{"line":1,"column":5176}},"133":{"start":{"line":1,"column":5026},"end":{"line":null,"column":-1}},"134":{"start":{"line":1,"column":5044},"end":{"line":1,"column":5175}},"135":{"start":{"line":1,"column":5058},"end":{"line":null,"column":-1}},"136":{"start":{"line":1,"column":5108},"end":{"line":1,"column":5101}},"137":{"start":{"line":1,"column":5125},"end":{"line":null,"column":-1}},"138":{"start":{"line":1,"column":5178},"end":{"line":null,"column":-1}},"139":{"start":{"line":1,"column":5204},"end":{"line":1,"column":5197}},"140":{"start":{"line":1,"column":5207},"end":{"line":1,"column":5327}},"141":{"start":{"line":1,"column":5246},"end":{"line":1,"column":5239}},"142":{"start":{"line":1,"column":5251},"end":{"line":1,"column":5302}},"143":{"start":{"line":1,"column":5279},"end":{"line":null,"column":-1}},"144":{"start":{"line":1,"column":5302},"end":{"line":null,"column":-1}},"145":{"start":{"line":1,"column":5327},"end":{"line":null,"column":-1}},"146":{"start":{"line":1,"column":5391},"end":{"line":1,"column":5385}},"147":{"start":{"line":1,"column":5422},"end":{"line":1,"column":5416}},"148":{"start":{"line":1,"column":5431},"end":{"line":1,"column":5425}},"149":{"start":{"line":1,"column":5439},"end":{"line":1,"column":5433}},"150":{"start":{"line":1,"column":5448},"end":{"line":1,"column":5442}},"151":{"start":{"line":1,"column":5456},"end":{"line":1,"column":5617}},"152":{"start":{"line":1,"column":5475},"end":{"line":null,"column":-1}},"153":{"start":{"line":1,"column":5508},"end":{"line":1,"column":5616}},"154":{"start":{"line":1,"column":5536},"end":{"line":null,"column":-1}},"155":{"start":{"line":1,"column":5623},"end":{"line":1,"column":5617}},"156":{"start":{"line":1,"column":5667},"end":{"line":null,"column":-1}},"157":{"start":{"line":1,"column":5694},"end":{"line":1,"column":5726}},"158":{"start":{"line":1,"column":5719},"end":{"line":null,"column":-1}},"159":{"start":{"line":1,"column":5726},"end":{"line":1,"column":5780}},"160":{"start":{"line":1,"column":5773},"end":{"line":null,"column":-1}},"161":{"start":{"line":1,"column":5787},"end":{"line":1,"column":5780}},"162":{"start":{"line":1,"column":5799},"end":{"line":1,"column":5863}},"163":{"start":{"line":1,"column":5824},"end":{"line":1,"column":5834}},"164":{"start":{"line":1,"column":5834},"end":{"line":1,"column":5846}},"165":{"start":{"line":1,"column":5846},"end":{"line":null,"column":-1}},"166":{"start":{"line":1,"column":5863},"end":{"line":1,"column":5869}},"167":{"start":{"line":1,"column":5890},"end":{"line":1,"column":5883}},"168":{"start":{"line":1,"column":5903},"end":{"line":1,"column":6039}},"169":{"start":{"line":1,"column":5917},"end":{"line":1,"column":5991}},"170":{"start":{"line":1,"column":5924},"end":{"line":null,"column":-1}},"171":{"start":{"line":1,"column":5962},"end":{"line":null,"column":-1}},"172":{"start":{"line":1,"column":5991},"end":{"line":1,"column":5999}},"173":{"start":{"line":1,"column":5999},"end":{"line":1,"column":6009}},"174":{"start":{"line":1,"column":6009},"end":{"line":1,"column":6022}},"175":{"start":{"line":1,"column":6022},"end":{"line":null,"column":-1}},"176":{"start":{"line":1,"column":6039},"end":{"line":1,"column":5667}},"177":{"start":{"line":1,"column":6046},"end":{"line":1,"column":6052}},"178":{"start":{"line":1,"column":6052},"end":{"line":null,"column":-1}},"179":{"start":{"line":1,"column":6128},"end":{"line":1,"column":6142}},"180":{"start":{"line":1,"column":6135},"end":{"line":null,"column":-1}},"181":{"start":{"line":1,"column":6148},"end":{"line":1,"column":6142}},"182":{"start":{"line":1,"column":6173},"end":{"line":1,"column":6178}},"183":{"start":{"line":1,"column":6178},"end":{"line":null,"column":-1}},"184":{"start":{"line":1,"column":6214},"end":{"line":1,"column":6208}},"185":{"start":{"line":1,"column":6239},"end":{"line":1,"column":6233}},"186":{"start":{"line":1,"column":6249},"end":{"line":1,"column":6362}},"187":{"start":{"line":1,"column":6297},"end":{"line":1,"column":6291}},"188":{"start":{"line":1,"column":6308},"end":{"line":null,"column":-1}},"189":{"start":{"line":1,"column":6362},"end":{"line":null,"column":-1}},"190":{"start":{"line":1,"column":6409},"end":{"line":1,"column":6403}},"191":{"start":{"line":1,"column":6418},"end":{"line":1,"column":6700}},"192":{"start":{"line":1,"column":6437},"end":{"line":1,"column":6430}},"193":{"start":{"line":1,"column":6456},"end":{"line":1,"column":6449}},"194":{"start":{"line":1,"column":6466},"end":{"line":1,"column":6459}},"195":{"start":{"line":1,"column":6469},"end":{"line":1,"column":6665}},"196":{"start":{"line":1,"column":6511},"end":{"line":1,"column":6505}},"197":{"start":{"line":1,"column":6525},"end":{"line":1,"column":6518}},"198":{"start":{"line":1,"column":6530},"end":{"line":1,"column":6588}},"199":{"start":{"line":1,"column":6537},"end":{"line":1,"column":6587}},"200":{"start":{"line":1,"column":6568},"end":{"line":null,"column":-1}},"201":{"start":{"line":1,"column":6595},"end":{"line":1,"column":6588}},"202":{"start":{"line":1,"column":6607},"end":{"line":1,"column":6600}},"203":{"start":{"line":1,"column":6613},"end":{"line":1,"column":6664}},"204":{"start":{"line":1,"column":6640},"end":{"line":1,"column":6652}},"205":{"start":{"line":1,"column":6652},"end":{"line":null,"column":-1}},"206":{"start":{"line":1,"column":6665},"end":{"line":1,"column":6688}},"207":{"start":{"line":1,"column":6688},"end":{"line":null,"column":-1}},"208":{"start":{"line":1,"column":6706},"end":{"line":1,"column":6700}},"209":{"start":{"line":1,"column":6721},"end":{"line":1,"column":6715}},"210":{"start":{"line":1,"column":6740},"end":{"line":1,"column":6734}},"211":{"start":{"line":1,"column":6756},"end":{"line":1,"column":6734}},"212":{"start":{"line":1,"column":6774},"end":{"line":1,"column":6767}},"213":{"start":{"line":1,"column":6787},"end":{"line":1,"column":6780}},"214":{"start":{"line":1,"column":6796},"end":{"line":1,"column":6789}},"215":{"start":{"line":1,"column":6818},"end":{"line":1,"column":6811}},"216":{"start":{"line":1,"column":6821},"end":{"line":1,"column":7492}},"217":{"start":{"line":1,"column":6866},"end":{"line":1,"column":6859}},"218":{"start":{"line":1,"column":6880},"end":{"line":1,"column":6873}},"219":{"start":{"line":1,"column":6894},"end":{"line":1,"column":6887}},"220":{"start":{"line":1,"column":6908},"end":{"line":1,"column":7216}},"221":{"start":{"line":1,"column":6933},"end":{"line":null,"column":-1}},"222":{"start":{"line":1,"column":6954},"end":{"line":1,"column":6947}},"223":{"start":{"line":1,"column":6970},"end":{"line":1,"column":7099}},"224":{"start":{"line":1,"column":6977},"end":{"line":1,"column":6996}},"225":{"start":{"line":1,"column":6996},"end":{"line":null,"column":-1}},"226":{"start":{"line":1,"column":7010},"end":{"line":1,"column":7085}},"227":{"start":{"line":1,"column":7034},"end":{"line":1,"column":7043}},"228":{"start":{"line":1,"column":7043},"end":{"line":1,"column":7062}},"229":{"start":{"line":1,"column":7062},"end":{"line":1,"column":7084}},"230":{"start":{"line":1,"column":7069},"end":{"line":1,"column":7078}},"231":{"start":{"line":1,"column":7078},"end":{"line":null,"column":-1}},"232":{"start":{"line":1,"column":7085},"end":{"line":1,"column":7098}},"233":{"start":{"line":1,"column":7093},"end":{"line":null,"column":-1}},"234":{"start":{"line":1,"column":7099},"end":{"line":1,"column":7144}},"235":{"start":{"line":1,"column":7144},"end":{"line":1,"column":7197}},"236":{"start":{"line":1,"column":7183},"end":{"line":1,"column":7192}},"237":{"start":{"line":1,"column":7192},"end":{"line":null,"column":-1}},"238":{"start":{"line":1,"column":7197},"end":{"line":1,"column":7215}},"239":{"start":{
[...]
n":10}}},"20":{"name":"componentsProductGridProductGridJs","decl":{"start":{"line":213,"column":7},"end":{"line":213,"column":15}},"loc":{"start":{"line":213,"column":54},"end":{"line":87,"column":10}}},"21":{"name":"componentsProductTileProductTileJs","decl":{"start":{"line":225,"column":7},"end":{"line":225,"column":15}},"loc":{"start":{"line":225,"column":54},"end":{"line":87,"column":10}}},"22":{"name":"componentsSizeChartSizeChartJs","decl":{"start":{"line":237,"column":7},"end":{"line":237,"column":15}},"loc":{"start":{"line":237,"column":54},"end":{"line":87,"column":10}}},"23":{"name":"node_modulesWhatwgFetchFetchJs","decl":{"start":{"line":249,"column":7},"end":{"line":249,"column":15}},"loc":{"start":{"line":249,"column":54},"end":{"line":87,"column":10}}},"24":{"name":"pagesPdpPdpJs","decl":{"start":{"line":261,"column":7},"end":{"line":261,"column":15}},"loc":{"start":{"line":261,"column":54},"end":{"line":87,"column":10}}},"25":{"name":"srcJsIndexJs","decl":{"start":{"line":273,"column":7},"end":{"line":273,"column":15}},"loc":{"start":{"line":273,"column":54},"end":{"line":87,"column":10}}},"26":{"name":"srcJsLoaderJs","decl":{"start":{"line":285,"column":7},"end":{"line":285,"column":15}},"loc":{"start":{"line":285,"column":54},"end":{"line":87,"column":10}}},"27":{"name":"srcJsUtilsJs","decl":{"start":{"line":297,"column":7},"end":{"line":297,"column":15}},"loc":{"start":{"line":297,"column":54},"end":{"line":302,"column":7}}}},"branchMap":{"0":{"loc":{"start":{"line":9,"column":11},"end":{"line":11,"column":12}},"type":"if","locations":[{"start":{"line":9,"column":11},"end":{"line":11,"column":12}},{"start":{"line":9,"column":11},"end":{"line":11,"column":12}}]},"1":{"loc":{"start":{"line":38,"column":11},"end":{"line":40,"column":12}},"type":"if","locations":[{"start":{"line":38,"column":11},"end":{"line":40,"column":12}},{"start":{"line":38,"column":11},"end":{"line":40,"column":12}}]},"2":{"loc":{"start":{"line":45,"column":11},"end":{"line":47,"column":12}},"type":"if","locations":[{"start":{"line":45,"column":11},"end":{"line":47,"column":12}},{"start":{"line":45,"column":11},"end":{"line":47,"column":12}}]},"3":{"loc":{"start":{"line":45,"column":14},"end":{"line":45,"column":13}},"type":"binary-expr","locations":[{"start":{"line":45,"column":14},"end":{"line":45,"column":13}},{"start":{"line":45,"column":47},"end":{"line":45,"column":11}}]},"4":{"loc":{"start":{"line":57,"column":11},"end":{"line":57,"column":24}},"type":"if","locations":[{"start":{"line":57,"column":11},"end":{"line":57,"column":24}},{"start":{"line":57,"column":11},"end":{"line":57,"column":24}}]},"5":{"loc":{"start":{"line":58,"column":11},"end":{"line":58,"column":24}},"type":"if","locations":[{"start":{"line":58,"column":11},"end":{"line":58,"column":24}},{"start":{"line":58,"column":11},"end":{"line":58,"column":24}}]},"6":{"loc":{"start":{"line":59,"column":11},"end":{"line":59,"column":84}},"type":"if","locations":[{"start":{"line":59,"column":11},"end":{"line":59,"column":84}},{"start":{"line":59,"column":11},"end":{"line":59,"column":84}}]},"7":{"loc":{"start":{"line":59,"column":15},"end":{"line":59,"column":14}},"type":"binary-expr","locations":[{"start":{"line":59,"column":15},"end":{"line":59,"column":14}},{"start":{"line":59,"column":28},"end":{"line":59,"column":14}},{"start":{"line":59,"column":57},"end":{"line":59,"column":14}},{"start":{"line":59,"column":66},"end":{"line":59,"column":11}}]},"8":{"loc":{"start":{"line":59,"column":28},"end":{"line":59,"column":34}},"type":"cond-expr","locations":[{"start":{"line":59,"column":28},"end":{"line":59,"column":34}},{"start":{"line":59,"column":28},"end":{"line":59,"column":44}}]},"9":{"loc":{"start":{"line":63,"column":11},"end":{"line":56,"column":56}},"type":"if","locations":[{"start":{"line":63,"column":11},"end":{"line":56,"column":56}},{"start":{"line":63,"column":11},"end":{"line":56,"column":56}}]},"10":{"loc":{"start":{"line":63,"column":14},"end":{"line":63,"column":13}},"type":"binary-expr","locations":[{"start":{"line":63,"column":14},"end":{"line":63,"column":13}},{"start":{"line":63,"column":26},"end":{"line":63,"column":11}}]},"11":{"loc":{"start":{"line":70,"column":12},"end":{"line":69,"column":24}},"type":"cond-expr","locations":[{"start":{"line":70,"column":12},"end":{"line":69,"column":24}},{"start":{"line":71,"column":12},"end":{"line":69,"column":11}}]},"12":{"loc":{"start":{"line":69,"column":24},"end":{"line":69,"column":33}},"type":"binary-expr","locations":[{"start":{"line":69,"column":24},"end":{"line":69,"column":33}},{"start":{"line":69,"column":34},"end":{"line":69,"column":24}}]}},"s":{"0":0,"1":0,"2":0,"3":0,"4":0,"5":0,"6":0,"7":0,"8":0,"9":0,"10":0,"11":0,"12":0,"13":0,"14":0,"15":0,"16":0,"17":0,"18":0,"19":0,"20":0,"21":0,"22":0,"23":0,"24":0,"25":0,"26":0,"27":0,"28":0,"29":0,"30":0,"31":0,"32":0,"33":0,"34":0,"35":0,"36":0,"37":0,"38":0,"39":0,"40":0,"41":0,"42":0,"43":0,"44":0,"45":0,"46":0,"47":0,"48":0,"49":0,"50":0,"51":0,"52":0,"53":0,"54":0,"55":0,"56":0,"57":0,"58":0,"59":0},"f":{"0":0,"1":0,"2":0,"3":0,"4":0,"5":0,"6":0,"7":0,"8":0,"9":0,"10":0,"11":0,"12":0,"13":0,"14":0,"15":0,"16":0,"17":0,"18":0,"19":0,"20":0,"21":0,"22":0,"23":0,"24":0,"25":0,"26":0,"27":0},"b":{"0":[0,0],"1":[0,0],"2":[0,0],"3":[0,0],"4":[0,0],"5":[0,0],"6":[0,0],"7":[0,0,0,0],"8":[0,0],"9":[0,0],"10":[0,0],"11":[0,0],"12":[0,0]}}
,"/Users/noetibbl/Documents/_WIP/SapientRazorfish/accessible-ecommerce-demo/pages/pdp/pdp.js": {"path":"/Users/noetibbl/Documents/_WIP/SapientRazorfish/accessible-ecommerce-demo/pages/pdp/pdp.js","statementMap":{"0":{"start":{"line":1,"column":0},"end":{"line":null,"column":-1}},"1":{"start":{"line":2,"column":0},"end":{"line":null,"column":-1}},"2":{"start":{"line":5,"column":0},"end":{"line":null,"column":-1}},"3":{"start":{"line":15,"column":0},"end":{"line":null,"column":-1}},"4":{"start":{"line":16,"column":2},"end":{"line":null,"column":-1}}},"fnMap":{"0":{"name":"(anonymous_1)","decl":{"start":{"line":15,"column":72},"end":{"line":15,"column":81}},"loc":{"start":{"line":15,"column":82},"end":{"line":15,"column":0}}}},"branchMap":{},"s":{"0":0,"1":0,"2":0,"3":0,"4":0},"f":{"0":0},"b":{}}
,"/Users/noetibbl/Documents/_WIP/SapientRazorfish/accessible-ecommerce-demo/src/js/index.js": {"path":"/Users/noetibbl/Documents/_WIP/SapientRazorfish/accessible-ecommerce-demo/src/js/index.js","statementMap":{"0":{"start":{"line":8,"column":0},"end":{"line":null,"column":-1}},"1":{"start":{"line":9,"column":0},"end":{"line":null,"column":-1}},"2":{"start":{"line":11,"column":12},"end":{"line":11,"column":0}},"3":{"start":{"line":13,"column":2},"end":{"line":null,"column":-1}},"4":{"start":{"line":13,"column":19},"end":{"line":null,"column":-1}},"5":{"start":{"line":15,"column":0},"end":{"line":null,"column":-1}}},"fnMap":{"0":{"name":"importAll","decl":{"start":{"line":12,"column":9},"end":{"line":12,"column":0}},"loc":{"start":{"line":12,"column":23},"end":{"line":14,"column":1}}},"1":{"name":"(anonymous_1)","decl":{"start":{"line":13,"column":19},"end":{"line":null,"column":-1}},"loc":{"start":{"line":13,"column":19},"end":{"line":13,"column":2}}}},"branchMap":{},"s":{"0":0,"1":0,"2":0,"3":0,"4":0,"5":0},"f":{"0":0,"1":0},"b":{}}
,"/Users/noetibbl/Documents/_WIP/SapientRazorfish/accessible-ecommerce-demo/src/js/loader.js": {"path":"/Users/noetibbl/Documents/_WIP/SapientRazorfish/accessible-ecommerce-demo/src/js/loader.js","statementMap":{"0":{"start":{"line":1,"column":16},"end":{"line":39,"column":3}},"1":{"start":{"line":3,"column":4},"end":{"line":17,"column":5}},"2":{"start":{"line":4,"column":6},"end":{"line":14,"column":8}},"3":{"start":{"line":5,"column":8},"end":{"line":12,"column":12}},"4":{"start":{"line":7,"column":12},"end":{"line":7,"column":35}},"5":{"start":{"line":10,"column":12},"end":{"line":10,"column":62}},"6":{"start":{"line":11,"column":12},"end":{"line":11,"column":26}},"7":{"start":{"line":16,"column":6},"end":{"line":16,"column":69}},"8":{"start":{"line":21,"column":19},"end":{"line":21,"column":21}},"9":{"start":{"line":22,"column":4},"end":{"line":32,"column":5}},"10":{"start":{"line":23,"column":6},"end":{"line":25,"column":9}},"11":{"start":{"line":24,"column":8},"end":{"line":24,"column":57}},"12":{"start":{"line":27,"column":6},"end":{"line":29,"column":8}},"13":{"start":{"line":28,"column":8},"end":{"line":28,"column":43}},"14":{"start":{"line":31,"column":6},"end":{"line":31,"column":70}},"15":{"start":{"line":35,"column":2},"end":{"line":38,"column":3}}},"fnMap":{"0":{"name":"(anonymous_0)","decl":{"start":{"line":1,"column":16},"end":{"line":1,"column":17}},"loc":{"start":{"line":1,"column":27},"end":{"line":39,"column":1}},"line":1},"1":{"name":"load","decl":{"start":{"line":2,"column":11},"end":{"line":2,"column":15}},"loc":{"start":{"line":2,"column":32},"end":{"line":18,"column":3}},"line":2},"2":{"name":"(anonymous_2)","decl":{"start":{"line":4,"column":25},"end":{"line":4,"column":26}},"loc":{"start":{"line":4,"column":36},"end":{"line":13,"column":9}},"line":4},"3":{"name":"(anonymous_3)","decl":{"start":{"line":6,"column":16},"end":{"line":6,"column":17}},"loc":{"start":{"line":6,"column":35},"end":{"line":8,"column":11}},"line":6},"4":{"name":"(anonymous_4)","decl":{"start":{"line":9,"column":16},"end":{"line":9,"column":17}},"loc":{"start":{"line":9,"column":31},"end":{"line":12,"column":11}},"line":9},"5":{"name":"loadAll","decl":{"start":{"line":20,"column":11},"end":{"line":20,"column":18}},"loc":{"start":{"line":20,"column":31},"end":{"line":33,"column":3}},"line":20},"6":{"name":"(anonymous_6)","decl":{"start":{"line":23,"column":25},"end":{"line":23,"column":26}},"loc":{"start":{"line":23,"column":32},"end":{"line":25,"column":7}},"line":23},"7":{"name":"(anonymous_7)","decl":{"start":{"line":27,"column":40},"end":{"line":27,"column":41}},"loc":{"start":{"line":27,"column":46},"end":{"line":29,"column":7}},"line":27}},"branchMap":{"0":{"loc":{"start":{"line":3,"column":4},"end":{"line":17,"column":5}},"type":"if","locations":[{"start":{"line":3,"column":4},"end":{"line":17,"column":5}},{"start":{"line":3,"column":4},"end":{"line":17,"column":5}}],"line":3},"1":{"loc":{"start":{"line":3,"column":7},"end":{"line":3,"column":23}},"type":"binary-expr","locations":[{"start":{"line":3,"column":7},"end":{"line":3,"column":11}},{"start":{"line":3,"column":15},"end":{"line":3,"column":23}}],"line":3},"2":{"loc":{"start":{"line":22,"column":4},"end":{"line":32,"column":5}},"type":"if","locations":[{"start":{"line":22,"column":4},"end":{"line":32,"column":5}},{"start":{"line":22,"column":4},"end":{"line":32,"column":5}}],"line":22}},"s":{"0":1,"1":4,"2":3,"3":3,"4":3,"5":3,"6":3,"7":1,"8":2,"9":2,"10":1,"11":2,"12":1,"13":1,"14":1,"15":1},"f":{"0":1,"1":4,"2":3,"3":3,"4":3,"5":2,"6":2,"7":1},"b":{"0":[3,1],"1":[4,3],"2":[1,1]},"_coverageSchema":"332fd63041d2c1bcb487cc26dd0d5f7d97098a6c","hash":"f432bd6222135a0678c556ad78112168db716369"}
,"/Users/noetibbl/Documents/_WIP/SapientRazorfish/accessible-ecommerce-demo/src/js/polyfills.js": {"path":"/Users/noetibbl/Documents/_WIP/SapientRazorfish/accessible-ecommerce-demo/src/js/polyfills.js","statementMap":{"0":{"start":{"line":10,"column":0},"end":{"line":17,"column":1}},"1":{"start":{"line":11,"column":4},"end":{"line":null,"column":-1}},"2":{"start":{"line":12,"column":8},"end":{"line":null,"column":-1}},"3":{"start":{"line":13,"column":8},"end":{"line":15,"column":9}},"4":{"start":{"line":14,"column":12},"end":{"line":null,"column":-1}},"5":{"start":{"line":23,"column":0},"end":{"line":24,"column":4}},"6":{"start":{"line":24,"column":4},"end":{"line":null,"column":-1}},"7":{"start":{"line":27,"column":0},"end":{"line":28,"column":4}},"8":{"start":{"line":28,"column":4},"end":{"line":null,"column":-1}},"9":{"start":{"line":29,"column":17},"end":{"line":29,"column":8}},"10":{"start":{"line":30,"column":8},"end":{"line":30,"column":52}},"11":{"start":{"line":30,"column":52},"end":{"line":null,"column":-1}},"12":{"start":{"line":31,"column":8},"end":{"line":null,"column":-1}},"13":{"start":{"line":32,"column":12},"end":{"line":32,"column":31}},"14":{"start":{"line":32,"column":31},"end":{"line":null,"column":-1}},"15":{"start":{"line":33,"column":12},"end":{"line":null,"column":-1}},"16":{"start":{"line":35,"column":8},"end":{"line":null,"column":-1}}},"fnMap":{"0":{"name":"(anonymous_0)","decl":{"start":{"line":11,"column":33},"end":{"line":11,"column":42}},"loc":{"start":{"line":11,"column":62},"end":{"line":11,"column":4}}},"1":{"name":"(anonymous_1)","decl":{"start":{"line":28,"column":32},"end":{"line":28,"column":40}},"loc":{"start":{"line":28,"column":44},"end":{"line":28,"column":4}}}},"branchMap":{"0":{"loc":{"start":{"line":10,"column":0},"end":{"line":17,"column":1}},"type":"if","locations":[{"start":{"line":10,"column":0},"end":{"line":17,"column":1}},{"start":{"line":10,"column":0},"end":{"line":17,"column":1}}]},"1":{"loc":{"start":{"line":10,"column":4},"end":{"line":10,"column":3}},"type":"binary-expr","locations":[{"start":{"line":10,"column":4},"end":{"line":10,"column":3}},{"start":{"line":10,"column":23},"end":{"line":10,"column":0}}]},"2":{"loc":{"start":{"line":12,"column":18},"end":{"line":12,"column":28}},"type":"binary-expr","locations":[{"start":{"line":12,"column":18},"end":{"line":12,"column":28}},{"start":{"line":12,"column":29},"end":{"line":12,"column":8}}]},"3":{"loc":{"start":{"line":23,"column":0},"end":{"line":24,"column":4}},"type":"if","locations":[{"start":{"line":23,"column":0},"end":{"line":24,"column":4}},{"start":{"line":23,"column":0},"end":{"line":24,"column":4}}]},"4":{"loc":{"start":{"line":24,"column":32},"end":{"line":24,"column":31}},"type":"binary-expr","locations":[{"start":{"line":24,"column":32},"end":{"line":24,"column":31}},{"start":{"line":25,"column":32},"end":{"line":24,"column":4}}]},"5":{"loc":{"start":{"line":27,"column":0},"end":{"line":28,"column":4}},"type":"if","locations":[{"start":{"line":27,"column":0},"end":{"line":28,"column":4}},{"start":{"line":27,"column":0},"end":{"line":28,"column":4}}]},"6":{"loc":{"start":{"line":30,"column":8},"end":{"line":30,"column":52}},"type":"if","locations":[{"start":{"line":30,"column":8},"end":{"line":30,"column":52}},{"start":{"line":30,"column":8},"end":{"line":30,"column":52}}]},"7":{"loc":{"start":{"line":34,"column":17},"end":{"line":34,"column":16}},"type":"binary-expr","locations":[{"start":{"line":34,"column":17},"end":{"line":34,"column":16}},{"start":{"line":34,"column":32},"end":{"line":31,"column":8}}]},"8":{"loc":{"start":{"line":32,"column":12},"end":{"line":32,"column":31}},"type":"if","locations":[{"start":{"line":32,"column":12},"end":{"line":32,"column":31}},{"start":{"line":32,"column":12},"end":{"line":32,"column":31}}]},"9":{"loc":{"start":{"line":33,"column":17},"end":{"line":33,"column":16}},"type":"binary-expr","locations":[{"start":{"line":33,"column":17},"end":{"line":33,"column":16}},{"start":{"line":33,"column":37},"end":{"line":33,"column":12}}]}},"s":{"0":0,"1":0,"2":0,"3":0,"4":0,"5":0,"6":0,"7":0,"8":0,"9":0,"10":0,"11":0,"12":0,"13":0,"14":0,"15":0,"16":0},"f":{"0":0,"1":0},"b":{"0":[0,0],"1":[0,0],"2":[0,0],"3":[0,0],"4":[0,0],"5":[0,0],"6":[0,0],"7":[0,0],"8":[0,0],"9":[0,0]}}
,"/Users/noetibbl/Documents/_WIP/SapientRazorfish/accessible-ecommerce-demo/src/js/utils.js": {"path":"/Users/noetibbl/Documents/_WIP/SapientRazorfish/accessible-ecommerce-demo/src/js/utils.js","statementMap":{"0":{"start":{"line":2,"column":28},"end":{"line":2,"column":4}},"1":{"start":{"line":4,"column":4},"end":{"line":null,"column":-1}},"2":{"start":{"line":5,"column":8},"end":{"line":null,"column":-1}},"3":{"start":{"line":11,"column":4},"end":{"line":null,"column":-1}},"4":{"start":{"line":16,"column":28},"end":{"line":16,"column":4}},"5":{"start":{"line":17,"column":27},"end":{"line":17,"column":4}},"6":{"start":{"line":19,"column":4},"end":{"line":25,"column":5}},"7":{"start":{"line":20,"column":8},"end":{"line":null,"column":-1}},"8":{"start":{"line":21,"column":8},"end":{"line":null,"column":-1}},"9":{"start":{"line":22,"column":11},"end":{"line":25,"column":5}},"10":{"start":{"line":23,"column":8},"end":{"line":null,"column":-1}},"11":{"start":{"line":24,"column":8},"end":{"line":null,"column":-1}},"12":{"start":{"line":30,"column":28},"end":{"line":30,"column":4}},"13":{"start":{"line":31,"column":4},"end":{"line":31,"column":34}},"14":{"start":{"line":31,"column":34},"end":{"line":null,"column":-1}},"15":{"start":{"line":39,"column":16},"end":{"line":39,"column":4}},"16":{"start":{"line":40,"column":4},"end":{"line":42,"column":5}},"17":{"start":{"line":41,"column":8},"end":{"line":null,"column":-1}},"18":{"start":{"line":43,"column":4},"end":{"line":null,"column":-1}}},"fnMap":{"0":{"name":"getFocusableChildren","decl":{"start":{"line":1,"column":16},"end":{"line":1,"column":7}},"loc":{"start":{"line":1,"column":43},"end":{"line":7,"column":1}}},"1":{"name":"(anonymous_1)","decl":{"start":{"line":4,"column":56},"end":{"line":4,"column":65}},"loc":{"start":{"line":4,"column":73},"end":{"line":4,"column":11}}},"2":{"name":"$$","decl":{"start":{"line":10,"column":16},"end":{"line":10,"column":7}},"loc":{"start":{"line":10,"column":38},"end":{"line":12,"column":1}}},"3":{"name":"trapTabKey","decl":{"start":{"line":15,"column":16},"end":{"line":15,"column":7}},"loc":{"start":{"line":15,"column":40},"end":{"line":26,"column":1}}},"4":{"name":"setFocusToFirstItem","decl":{"start":{"line":29,"column":16},"end":{"line":29,"column":7}},"loc":{"start":{"line":29,"column":42},"end":{"line":32,"column":1}}},"5":{"name":"getElementIndex","decl":{"start":{"line":38,"column":16},"end":{"line":38,"column":7}},"loc":{"start":{"line":38,"column":41},"end":{"line":44,"column":1}}}},"branchMap":{"0":{"loc":{"start":{"line":5,"column":18},"end":{"line":5,"column":17}},"type":"binary-expr","locations":[{"start":{"line":5,"column":18},"end":{"line":5,"column":17}},{"start":{"line":5,"column":39},"end":{"line":5,"column":18}},{"start":{"line":5,"column":61},"end":{"line":5,"column":16}}]},"1":{"loc":{"start":{"line":11,"column":38},"end":{"line":11,"column":89}},"type":"binary-expr","locations":[{"start":{"line":11,"column":38},"end":{"line":11,"column":89}},{"start":{"line":11,"column":90},"end":{"line":11,"column":11}}]},"2":{"loc":{"start":{"line":11,"column":39},"end":{"line":11,"column":49}},"type":"binary-expr","locations":[{"start":{"line":11,"column":39},"end":{"line":11,"column":49}},{"start":{"line":11,"column":50},"end":{"line":11,"column":38}}]},"3":{"loc":{"start":{"line":19,"column":4},"end":{"line":25,"column":5}},"type":"if","locations":[{"start":{"line":19,"column":4},"end":{"line":25,"column":5}},{"start":{"line":19,"column":4},"end":{"line":25,"column":5}}]},"4":{"loc":{"start":{"line":19,"column":8},"end":{"line":19,"column":7}},"type":"binary-expr","locations":[{"start":{"line":19,"column":8},"end":{"line":19,"column":7}},{"start":{"line":19,"column":26},"end":{"line":19,"column":4}}]},"5":{"loc":{"start":{"line":22,"column":11},"end":{"line":25,"column":5}},"type":"if","locations":[{"start":{"line":22,"column":11},"end":{"line":25,"column":5}},{"start":{"line":22,"column":11},"end":{"line":25,"column":5}}]},"6":{"loc":{"start":{"line":22,"column":15},"end":{"line":22,"column":14}},"type":"binary-expr","locations":[{"start":{"line":22,"column":15},"end":{"line":22,"column":14}},{"start":{"line":22,"column":34},"end":{"line":22,"column":11}}]},"7":{"loc":{"start":{"line":31,"column":4},"end":{"line":31,"column":34}},"type":"if","locations":[{"start":{"line":31,"column":4},"end":{"line":31,"column":34}},{"start":{"line":31,"column":4},"end":{"line":31,"column":34}}]}},"s":{"0":0,"1":0,"2":0,"3":0,"4":0,"5":0,"6":0,"7":0,"8":0,"9":0,"10":0,"11":0,"12":0,"13":0,"14":0,"15":0,"16":0,"17":0,"18":0},"f":{"0":0,"1":0,"2":0,"3":0,"4":0,"5":0},"b":{"0":[0,0,0],"1":[0,0],"2":[0,0],"3":[0,0],"4":[0,0],"5":[0,0],"6":[0,0],"7":[0,0]}}
}
