TN:
SF:/Users/noetibbl/Documents/_WIP/SapientRazorfish/accessible-ecommerce-demo/webpack.config.js
FNF:0
FNH:0
DA:1,0
DA:2,0
LF:2
LH:0
BRF:0
BRH:0
end_of_record
TN:
SF:/Users/noetibbl/Documents/_WIP/SapientRazorfish/accessible-ecommerce-demo/components/accordion/accordion.js
FN:1,Accordion
FN:9,setFocusOnContent
FN:14,setAriaLabelForButton
FN:26,onClickToggleAccordionPanel
FN:27,(anonymous_4)
FN:39,initEvents
FN:40,(anonymous_6)
FN:48,(anonymous_7)
FNF:8
FNH:0
FNDA:0,Accordion
FNDA:0,setFocusOnContent
FNDA:0,setAriaLabelForButton
FNDA:0,onClickToggleAccordionPanel
FNDA:0,(anonymous_4)
FNDA:0,initEvents
FNDA:0,(anonymous_6)
FNDA:0,(anonymous_7)
DA:1,0
DA:2,0
DA:3,0
DA:5,0
DA:8,0
DA:10,0
DA:11,0
DA:15,0
DA:16,0
DA:18,0
DA:19,0
DA:20,0
DA:22,0
DA:27,0
DA:28,0
DA:29,0
DA:32,0
DA:33,0
DA:35,0
DA:39,0
DA:40,0
DA:41,0
DA:42,0
DA:43,0
DA:47,0
DA:48,0
DA:49,0
LF:27
LH:0
BRDA:18,0,0,0
BRDA:18,0,1,0
BRF:2
BRH:0
end_of_record
TN:
SF:/Users/noetibbl/Documents/_WIP/SapientRazorfish/accessible-ecommerce-demo/components/carousel/carousel.js
FN:5,Carousel
FN:15,(anonymous_1)
FN:16,(anonymous_2)
FN:17,(anonymous_3)
FN:18,(anonymous_4)
FN:19,(anonymous_5)
FN:20,(anonymous_6)
FN:22,(anonymous_7)
FN:30,shiftCarousel
FN:30,toggleButton
FN:30,refreshArrowButtons
FN:30,refreshCarousel
FN:56,initEvents
FN:57,(anonymous_13)
FN:61,(anonymous_14)
FN:65,(anonymous_15)
FN:66,(anonymous_16)
FN:78,(anonymous_17)
FNF:18
FNH:0
FNDA:0,Carousel
FNDA:0,(anonymous_1)
FNDA:0,(anonymous_2)
FNDA:0,(anonymous_3)
FNDA:0,(anonymous_4)
FNDA:0,(anonymous_5)
FNDA:0,(anonymous_6)
FNDA:0,(anonymous_7)
FNDA:0,shiftCarousel
FNDA:0,toggleButton
FNDA:0,refreshArrowButtons
FNDA:0,refreshCarousel
FNDA:0,initEvents
FNDA:0,(anonymous_13)
FNDA:0,(anonymous_14)
FNDA:0,(anonymous_15)
FNDA:0,(anonymous_16)
FNDA:0,(anonymous_17)
DA:3,0
DA:5,0
DA:6,0
DA:8,0
DA:9,0
DA:10,0
DA:11,0
DA:13,0
DA:14,0
DA:15,0
DA:16,0
DA:17,0
DA:18,0
DA:19,0
DA:20,0
DA:22,0
DA:23,0
DA:26,0
DA:27,0
DA:30,0
DA:33,0
DA:34,0
DA:35,0
DA:36,0
DA:40,0
DA:44,0
DA:45,0
DA:53,0
DA:56,0
DA:57,0
DA:58,0
DA:61,0
DA:62,0
DA:65,0
DA:66,0
DA:67,0
DA:68,0
DA:69,0
DA:70,0
DA:77,0
DA:78,0
DA:79,0
LF:42
LH:0
BRDA:19,0,0,0
BRDA:19,0,1,0
BRDA:34,1,0,0
BRDA:34,1,1,0
BRDA:40,2,0,0
BRDA:40,2,1,0
BRDA:69,3,0,0
BRDA:69,3,1,0
BRF:8
BRH:0
end_of_record
TN:
SF:/Users/noetibbl/Documents/_WIP/SapientRazorfish/accessible-ecommerce-demo/components/footer/footer.js
FN:20,handleValidForm
FN:29,handleInvalidForm
FN:41,validateInputElement
FN:63,toggleInputValidityUI
FN:73,markInputAsEdited
FN:84,submitClicked
FN:101,(anonymous_6)
FN:104,(anonymous_7)
FN:105,(anonymous_8)
FNF:9
FNH:0
FNDA:0,handleValidForm
FNDA:0,handleInvalidForm
FNDA:0,validateInputElement
FNDA:0,toggleInputValidityUI
FNDA:0,markInputAsEdited
FNDA:0,submitClicked
FNDA:0,(anonymous_6)
FNDA:0,(anonymous_7)
FNDA:0,(anonymous_8)
DA:21,0
DA:30,0
DA:42,0
DA:43,0
DA:44,0
DA:46,0
DA:47,0
DA:48,0
DA:49,0
DA:51,0
DA:53,0
DA:54,0
DA:56,0
DA:64,0
DA:74,0
DA:75,0
DA:77,0
DA:85,0
DA:86,0
DA:88,0
DA:89,0
DA:92,0
DA:100,0
DA:101,0
DA:102,0
DA:104,0
DA:105,0
DA:106,0
DA:107,0
DA:108,0
LF:30
LH:0
BRDA:43,0,0,0
BRDA:43,0,1,0
BRDA:44,1,0,0
BRDA:44,1,1,0
BRDA:54,2,0,0
BRDA:54,2,1,0
BRDA:74,3,0,0
BRDA:74,3,1,0
BRDA:88,4,0,0
BRDA:88,4,1,0
BRDA:107,5,0,0
BRDA:107,5,1,0
BRF:12
BRH:0
end_of_record
TN:
SF:/Users/noetibbl/Documents/_WIP/SapientRazorfish/accessible-ecommerce-demo/components/gallery/gallery.js
FN:1,Gallery
FN:21,minimizeButtonClick
FN:27,maximizeButtonClick
FN:33,initEvents
FN:34,(anonymous_4)
FN:43,handleImageClick
FN:47,handleLeftScroll
FN:50,handleRightScroll
FN:53,handleScroll
FN:64,canScroll
FN:68,toggleControls
FN:81,getCurrentPosition
FN:87,(anonymous_12)
FNF:13
FNH:0
FNDA:0,Gallery
FNDA:0,minimizeButtonClick
FNDA:0,maximizeButtonClick
FNDA:0,initEvents
FNDA:0,(anonymous_4)
FNDA:0,handleImageClick
FNDA:0,handleLeftScroll
FNDA:0,handleRightScroll
FNDA:0,handleScroll
FNDA:0,canScroll
FNDA:0,toggleControls
FNDA:0,getCurrentPosition
FNDA:0,(anonymous_12)
DA:1,0
DA:2,0
DA:3,0
DA:4,0
DA:5,0
DA:6,0
DA:7,0
DA:8,0
DA:9,0
DA:10,0
DA:12,0
DA:13,0
DA:14,0
DA:15,0
DA:17,0
DA:20,0
DA:22,0
DA:23,0
DA:24,0
DA:25,0
DA:28,0
DA:29,0
DA:30,0
DA:31,0
DA:33,0
DA:34,0
DA:35,0
DA:38,0
DA:39,0
DA:40,0
DA:41,0
DA:44,0
DA:45,0
DA:48,0
DA:51,0
DA:54,0
DA:55,0
DA:56,0
DA:57,0
DA:59,0
DA:62,0
DA:65,0
DA:66,0
DA:69,0
DA:70,0
DA:71,0
DA:72,0
DA:74,0
DA:75,0
DA:77,0
DA:78,0
DA:82,0
DA:86,0
DA:87,0
DA:88,0
LF:55
LH:0
BRDA:55,0,0,0
BRDA:55,0,1,0
BRDA:56,1,0,0
BRDA:56,1,1,0
BRDA:66,2,0,0
BRDA:66,2,1,0
BRDA:70,3,0,0
BRDA:70,3,1,0
BRDA:70,4,0,0
BRDA:70,4,1,0
BRDA:74,5,0,0
BRDA:74,5,1,0
BRDA:77,6,0,0
BRDA:77,6,1,0
BRDA:82,7,0,0
BRDA:82,7,1,0
BRF:16
BRH:0
end_of_record
TN:
SF:/Users/noetibbl/Documents/_WIP/SapientRazorfish/accessible-ecommerce-demo/components/global-nav/global-nav.js
FN:7,GlobalNavigation
FN:14,handleHamburgerMenuClick
FN:23,onDocumentClick
FN:31,addOnDocumentClickEventHandler
FN:32,(anonymous_4)
FN:37,removeOnDocumentClickEventHandler
FN:41,onBlurTabableElement
FN:46,addTabOutEventHandler
FN:55,removeTabOutEventHandler
FN:64,closeMenu
FN:72,openMenu
FN:82,closeAllMenus
FN:86,onClickMenuItemWithSubmenu
FN:95,(anonymous_13)
FNF:14
FNH:0
FNDA:0,GlobalNavigation
FNDA:0,handleHamburgerMenuClick
FNDA:0,onDocumentClick
FNDA:0,addOnDocumentClickEventHandler
FNDA:0,(anonymous_4)
FNDA:0,removeOnDocumentClickEventHandler
FNDA:0,onBlurTabableElement
FNDA:0,addTabOutEventHandler
FNDA:0,removeTabOutEventHandler
FNDA:0,closeMenu
FNDA:0,openMenu
FNDA:0,closeAllMenus
FNDA:0,onClickMenuItemWithSubmenu
FNDA:0,(anonymous_13)
DA:2,0
DA:3,0
DA:8,0
DA:9,0
DA:10,0
DA:13,0
DA:15,0
DA:16,0
DA:24,0
DA:25,0
DA:26,0
DA:27,0
DA:32,0
DA:33,0
DA:38,0
DA:42,0
DA:43,0
DA:47,0
DA:48,0
DA:49,0
DA:50,0
DA:51,0
DA:56,0
DA:57,0
DA:58,0
DA:59,0
DA:60,0
DA:65,0
DA:66,0
DA:67,0
DA:68,0
DA:73,0
DA:74,0
DA:75,0
DA:76,0
DA:77,0
DA:78,0
DA:79,0
DA:83,0
DA:87,0
DA:88,0
DA:89,0
DA:92,0
DA:95,0
DA:96,0
LF:45
LH:0
BRDA:25,0,0,0
BRDA:25,0,1,0
BRDA:25,1,0,0
BRDA:25,1,1,0
BRDA:25,1,2,0
BRDA:49,2,0,0
BRDA:49,2,1,0
BRDA:58,3,0,0
BRDA:58,3,1,0
BRDA:65,4,0,0
BRDA:65,4,1,0
BRDA:90,5,0,0
BRDA:90,5,1,0
BRF:13
BRH:0
end_of_record
TN:
SF:/Users/noetibbl/Documents/_WIP/SapientRazorfish/accessible-ecommerce-demo/components/mini-cart/mini-cart.js
FN:3,MiniCart
FN:13,initEvents
FN:34,update
FN:38,onFocus
FN:42,onBlur
FN:46,toggleMenu
FN:53,onButtonBlur
FN:58,onBodyClick
FN:65,closeIfMenuBlurred
FN:90,(anonymous_9)
FNF:10
FNH:0
FNDA:0,MiniCart
FNDA:0,initEvents
FNDA:0,update
FNDA:0,onFocus
FNDA:0,onBlur
FNDA:0,toggleMenu
FNDA:0,onButtonBlur
FNDA:0,onBodyClick
FNDA:0,closeIfMenuBlurred
FNDA:0,(anonymous_9)
DA:3,0
DA:4,0
DA:5,0
DA:6,0
DA:7,0
DA:8,0
DA:10,0
DA:12,0
DA:14,0
DA:15,0
DA:16,0
DA:17,0
DA:18,0
DA:19,0
DA:24,0
DA:29,0
DA:30,0
DA:32,0
DA:35,0
DA:36,0
DA:39,0
DA:40,0
DA:43,0
DA:44,0
DA:47,0
DA:48,0
DA:50,0
DA:54,0
DA:59,0
DA:61,0
DA:62,0
DA:67,0
DA:69,0
DA:83,0
DA:84,0
DA:89,0
DA:90,0
DA:91,0
LF:38
LH:0
BRDA:47,0,0,0
BRDA:47,0,1,0
BRDA:61,1,0,0
BRDA:61,1,1,0
BRDA:61,2,0,0
BRDA:61,2,1,0
BRDA:67,3,0,0
BRDA:67,3,1,0
BRDA:69,4,0,0
BRDA:69,4,1,0
BRDA:69,4,2,0
BRDA:83,5,0,0
BRDA:83,5,1,0
BRDA:83,6,0,0
BRDA:83,6,1,0
BRDA:83,6,2,0
BRF:16
BRH:0
end_of_record
TN:
SF:/Users/noetibbl/Documents/_WIP/SapientRazorfish/accessible-ecommerce-demo/components/modal/modal.js
FN:7,Modal
FN:18,onKeyDown
FN:28,onFocus
FN:33,show
FN:41,hide
FN:48,initEvents
FN:53,(anonymous_6)
FN:55,(anonymous_7)
FN:60,(anonymous_8)
FNF:9
FNH:0
FNDA:0,Modal
FNDA:0,onKeyDown
FNDA:0,onFocus
FNDA:0,show
FNDA:0,hide
FNDA:0,initEvents
FNDA:0,(anonymous_6)
FNDA:0,(anonymous_7)
FNDA:0,(anonymous_8)
DA:5,0
DA:7,0
DA:8,0
DA:9,0
DA:10,0
DA:12,0
DA:14,0
DA:17,0
DA:19,0
DA:20,0
DA:21,0
DA:24,0
DA:25,0
DA:29,0
DA:30,0
DA:34,0
DA:35,0
DA:36,0
DA:37,0
DA:38,0
DA:39,0
DA:42,0
DA:43,0
DA:44,0
DA:45,0
DA:46,0
DA:48,0
DA:49,0
DA:51,0
DA:53,0
DA:55,0
DA:59,0
DA:60,0
DA:61,0
LF:34
LH:0
BRDA:10,0,0,0
BRDA:10,0,1,0
BRDA:19,1,0,0
BRDA:19,1,1,0
BRDA:19,2,0,0
BRDA:19,2,1,0
BRDA:24,3,0,0
BRDA:24,3,1,0
BRDA:24,4,0,0
BRDA:24,4,1,0
BRDA:29,5,0,0
BRDA:29,5,1,0
BRDA:29,6,0,0
BRDA:29,6,1,0
BRF:14
BRH:0
end_of_record
TN:
SF:/Users/noetibbl/Documents/_WIP/SapientRazorfish/accessible-ecommerce-demo/components/product-grid/product-grid.js
FN:1,ProductGrid
FN:13,(anonymous_1)
FN:17,(anonymous_2)
FN:21,updateNumberOfAppliedFiltersAndProductsShowing
FN:26,updateNumberOfAppliedFilters
FN:28,(anonymous_5)
FN:44,updateNumberOfProductsShowing
FN:52,(anonymous_7)
FN:53,(anonymous_8)
FN:58,(anonymous_9)
FN:67,(anonymous_10)
FN:76,(anonymous_11)
FN:87,updateMiniCart
FNF:13
FNH:0
FNDA:0,ProductGrid
FNDA:0,(anonymous_1)
FNDA:0,(anonymous_2)
FNDA:0,updateNumberOfAppliedFiltersAndProductsShowing
FNDA:0,updateNumberOfAppliedFilters
FNDA:0,(anonymous_5)
FNDA:0,updateNumberOfProductsShowing
FNDA:0,(anonymous_7)
FNDA:0,(anonymous_8)
FNDA:0,(anonymous_9)
FNDA:0,(anonymous_10)
FNDA:0,(anonymous_11)
FNDA:0,updateMiniCart
DA:1,0
DA:4,0
DA:5,0
DA:6,0
DA:7,0
DA:8,0
DA:9,0
DA:10,0
DA:13,0
DA:14,0
DA:17,0
DA:18,0
DA:22,0
DA:23,0
DA:27,0
DA:28,0
DA:29,0
DA:30,0
DA:34,0
DA:36,0
DA:37,0
DA:38,0
DA:40,0
DA:46,0
DA:47,0
DA:50,0
DA:52,0
DA:53,0
DA:54,0
DA:55,0
DA:57,0
DA:58,0
DA:59,0
DA:62,0
DA:67,0
DA:68,0
DA:69,0
DA:70,0
DA:71,0
DA:72,0
DA:73,0
DA:74,0
DA:76,0
DA:78,0
DA:79,0
DA:82,0
DA:83,0
DA:88,0
LF:48
LH:0
BRDA:29,0,0,0
BRDA:29,0,1,0
BRDA:34,1,0,0
BRDA:34,1,1,0
BRDA:37,2,0,0
BRDA:37,2,1,0
BRF:6
BRH:0
end_of_record
TN:
SF:/Users/noetibbl/Documents/_WIP/SapientRazorfish/accessible-ecommerce-demo/components/size-chart/size-chart.js
FN:1,SizeChart
FN:11,initEvents
FN:14,onToggle
FN:18,(anonymous_3)
FN:27,(anonymous_4)
FNF:5
FNH:0
FNDA:0,SizeChart
FNDA:0,initEvents
FNDA:0,onToggle
FNDA:0,(anonymous_3)
FNDA:0,(anonymous_4)
DA:1,0
DA:2,0
DA:3,0
DA:4,0
DA:5,0
DA:6,0
DA:8,0
DA:10,0
DA:12,0
DA:15,0
DA:16,0
DA:17,0
DA:18,0
DA:19,0
DA:22,0
DA:23,0
DA:26,0
DA:27,0
DA:28,0
LF:19
LH:0
BRDA:16,0,0,0
BRDA:16,0,1,0
BRDA:17,1,0,0
BRDA:17,1,1,0
BRF:4
BRH:0
end_of_record
TN:
SF:/Users/noetibbl/Documents/_WIP/SapientRazorfish/accessible-ecommerce-demo/coverage/lcov-report/block-navigation.js
FN:1,init
FN:16,toggleClass
FN:21,makeCurrent
FN:28,goToPrevious
FN:39,goToNext
FN:49,jump
FNF:6
FNH:0
FNDA:0,init
FNDA:0,toggleClass
FNDA:0,makeCurrent
FNDA:0,goToPrevious
FNDA:0,goToNext
FNDA:0,jump
DA:1,0
DA:3,0
DA:6,0
DA:9,0
DA:12,0
DA:17,0
DA:18,0
DA:22,0
DA:23,0
DA:24,0
DA:29,0
DA:30,0
DA:31,0
DA:32,0
DA:33,0
DA:36,0
DA:40,0
DA:42,0
DA:43,0
DA:46,0
DA:49,0
DA:50,0
DA:53,0
DA:54,0
DA:58,0
DA:59,0
DA:63,0
LF:27
LH:0
BRDA:30,0,0,0
BRDA:30,0,1,0
BRDA:30,1,0,0
BRDA:30,1,1,0
BRDA:32,2,0,0
BRDA:32,2,1,0
BRDA:42,3,0,0
BRDA:42,3,1,0
BRDA:42,4,0,0
BRDA:42,4,1,0
BRDA:51,5,0,0
BRDA:51,5,1,0
BRDA:51,5,2,0
BRDA:51,5,3,0
BRDA:51,5,4,0
BRF:15
BRH:0
end_of_record
TN:
SF:/Users/noetibbl/Documents/_WIP/SapientRazorfish/accessible-ecommerce-demo/coverage/lcov-report/prettify.js
FN:1,(anonymous_0)
FN:1,k
FN:1,ab
FN:1,T
FN:1,X
FN:1,(anonymous_5)
FN:1,W
FN:1,(anonymous_7)
FN:1,a
FN:1,aa
FN:1,B
FN:1,o
FN:1,g
FN:1,(anonymous_13)
FN:1,W
FN:1,i
FN:1,Q
FN:1,ae
FN:1,ad
FN:1,ai
FN:1,D
FN:1,c
FN:1,q
FN:1,d
FN:1,y
FN:1,b
FN:1,Y
FN:1,now
FN:1,U
FNF:29
FNH:0
FNDA:0,(anonymous_0)
FNDA:0,k
FNDA:0,ab
FNDA:0,T
FNDA:0,X
FNDA:0,(anonymous_5)
FNDA:0,W
FNDA:0,(anonymous_7)
FNDA:0,a
FNDA:0,aa
FNDA:0,B
FNDA:0,o
FNDA:0,g
FNDA:0,(anonymous_13)
FNDA:0,W
FNDA:0,i
FNDA:0,Q
FNDA:0,ae
FNDA:0,ad
FNDA:0,ai
FNDA:0,D
FNDA:0,c
FNDA:0,q
FNDA:0,d
FNDA:0,y
FNDA:0,b
FNDA:0,Y
FNDA:0,now
FNDA:0,U
DA:1,0
LF:1
LH:0
BRDA:1,0,0,0
BRDA:1,0,1,0
BRDA:1,1,0,0
BRDA:1,1,1,0
BRDA:1,2,0,0
BRDA:1,2,1,0
BRDA:1,3,0,0
BRDA:1,3,1,0
BRDA:1,4,0,0
BRDA:1,4,1,0
BRDA:1,5,0,0
BRDA:1,5,1,0
BRDA:1,6,0,0
BRDA:1,6,1,0
BRDA:1,7,0,0
BRDA:1,7,1,0
BRDA:1,8,0,0
BRDA:1,8,1,0
BRDA:1,9,0,0
BRDA:1,9,1,0
BRDA:1,10,0,0
BRDA:1,10,1,0
BRDA:1,11,0,0
BRDA:1,11,1,0
BRDA:1,11,2,0
BRDA:1,11,3,0
BRDA:1,12,0,0
BRDA:1,12,1,0
BRDA:1,13,0,0
BRDA:1,13,1,0
BRDA:1,14,0,0
BRDA:1,14,1,0
BRDA:1,15,0,0
BRDA:1,15,1,0
BRDA:1,16,0,0
BRDA:1,16,1,0
BRDA:1,17,0,0
BRDA:1,17,1,0
BRDA:1,18,0,0
BRDA:1,18,1,0
BRDA:1,19,0,0
BRDA:1,19,1,0
BRDA:1,20,0,0
BRDA:1,20,1,0
BRDA:1,21,0,0
BRDA:1,21,1,0
BRDA:1,22,0,0
BRDA:1,22,1,0
BRDA:1,23,0,0
BRDA:1,23,1,0
BRDA:1,24,0,0
BRDA:1,24,1,0
BRDA:1,25,0,0
BRDA:1,25,1,0
BRDA:1,26,0,0
BRDA:1,26,1,0
BRDA:1,27,0,0
BRDA:1,27,1,0
BRDA:1,28,0,0
BRDA:1,28,1,0
BRDA:1,29,0,0
BRDA:1,29,1,0
BRDA:1,30,0,0
BRDA:1,30,1,0
BRDA:1,31,0,0
BRDA:1,31,1,0
BRDA:1,32,0,0
BRDA:1,32,1,0
BRDA:1,33,0,0
BRDA:1,33,1,0
BRDA:1,34,0,0
BRDA:1,34,1,0
BRDA:1,35,0,0
BRDA:1,35,1,0
BRDA:1,36,0,0
BRDA:1,36,1,0
BRDA:1,37,0,0
BRDA:1,37,1,0
BRDA:1,38,0,0
BRDA:1,38,1,0
BRDA:1,39,0,0
BRDA:1,39,1,0
BRDA:1,40,0,0
BRDA:1,40,1,0
BRDA:1,41,0,0
BRDA:1,41,1,0
BRDA:1,42,0,0
BRDA:1,42,1,0
BRDA:1,43,0,0
BRDA:1,43,1,0
BRDA:1,44,0,0
BRDA:1,44,1,0
BRDA:1,45,0,0
BRDA:1,45,1,0
BRDA:1,46,0,0
BRDA:1,46,1,0
BRDA:1,47,0,0
BRDA:1,47,1,0
BRDA:1,48,0,0
BRDA:1,48,1,0
BRDA:1,49,0,0
BRDA:1,49,1,0
BRDA:1,49,2,0
BRDA:1,50,0,0
BRDA:1,50,1,0
BRDA:1,51,0,0
BRDA:1,51,1,0
BRDA:1,52,0,0
BRDA:1,52,1,0
BRDA:1,53,0,0
BRDA:1,53,1,0
BRDA:1,54,0,0
BRDA:1,54,1,0
BRDA:1,55,0,0
BRDA:1,55,1,0
BRDA:1,56,0,0
BRDA:1,56,1,0
BRDA:1,57,0,0
BRDA:1,57,1,0
BRDA:1,58,0,0
BRDA:1,58,1,0
BRDA:1,59,0,0
BRDA:1,59,1,0
BRDA:1,60,0,0
BRDA:1,60,1,0
BRDA:1,61,0,0
BRDA:1,61,1,0
BRDA:1,62,0,0
BRDA:1,62,1,0
BRDA:1,63,0,0
BRDA:1,63,1,0
BRDA:1,64,0,0
BRDA:1,64,1,0
BRDA:1,65,0,0
BRDA:1,65,1,0
BRDA:1,66,0,0
BRDA:1,66,1,0
BRDA:1,67,0,0
BRDA:1,67,1,0
BRDA:1,68,0,0
BRDA:1,68,1,0
BRDA:1,69,0,0
BRDA:1,69,1,0
BRDA:1,70,0,0
BRDA:1,70,1,0
BRDA:1,71,0,0
BRDA:1,71,1,0
BRDA:1,72,0,0
BRDA:1,72,1,0
BRDA:1,73,0,0
BRDA:1,73,1,0
BRDA:1,74,0,0
BRDA:1,74,1,0
BRDA:1,75,0,0
BRDA:1,75,1,0
BRDA:1,76,0,0
BRDA:1,76,1,0
BRDA:1,77,0,0
BRDA:1,77,1,0
BRDA:1,78,0,0
BRDA:1,78,1,0
BRDA:1,79,0,0
BRDA:1,79,1,0
BRDA:1,80,0,0
BRDA:1,80,1,0
BRDA:1,81,0,0
BRDA:1,81,1,0
BRDA:1,82,0,0
BRDA:1,82,1,0
BRDA:1,83,0,0
BRDA:1,83,1,0
BRDA:1,84,0,0
BRDA:1,84,1,0
BRDA:1,85,0,0
BRDA:1,85,1,0
BRDA:1,86,0,0
BRDA:1,86,1,0
BRDA:1,87,0,0
BRDA:1,87,1,0
BRDA:1,88,0,0
BRDA:1,88,1,0
BRDA:1,88,2,0
BRDA:1,89,0,0
BRDA:1,89,1,0
BRDA:1,90,0,0
BRDA:1,90,1,0
BRDA:1,91,0,0
BRDA:1,91,1,0
BRDA:1,92,0,0
BRDA:1,92,1,0
BRDA:1,93,0,0
BRDA:1,93,1,0
BRDA:1,94,0,0
BRDA:1,94,1,0
BRDA:1,95,0,0
BRDA:1,95,1,0
BRDA:1,96,0,0
BRDA:1,96,1,0
BRDA:1,97,0,0
BRDA:1,97,1,0
BRDA:1,98,0,0
BRDA:1,98,1,0
BRDA:1,99,0,0
BRDA:1,99,1,0
BRDA:1,100,0,0
BRDA:1,100,1,0
BRDA:1,101,0,0
BRDA:1,101,1,0
BRDA:1,102,0,0
BRDA:1,102,1,0
BRDA:1,103,0,0
BRDA:1,103,1,0
BRDA:1,104,0,0
BRDA:1,104,1,0
BRDA:1,105,0,0
BRDA:1,105,1,0
BRDA:1,106,0,0
BRDA:1,106,1,0
BRDA:1,107,0,0
BRDA:1,107,1,0
BRDA:1,108,0,0
BRDA:1,108,1,0
BRDA:1,109,0,0
BRDA:1,109,1,0
BRDA:1,110,0,0
BRDA:1,110,1,0
BRDA:1,111,0,0
BRDA:1,111,1,0
BRDA:1,112,0,0
BRDA:1,112,1,0
BRDA:1,113,0,0
BRDA:1,113,1,0
BRDA:1,114,0,0
BRDA:1,114,1,0
BRDA:1,115,0,0
BRDA:1,115,1,0
BRDA:1,116,0,0
BRDA:1,116,1,0
BRDA:1,117,0,0
BRDA:1,117,1,0
BRDA:1,118,0,0
BRDA:1,118,1,0
BRDA:1,119,0,0
BRDA:1,119,1,0
BRDA:1,120,0,0
BRDA:1,120,1,0
BRDA:1,121,0,0
BRDA:1,121,1,0
BRDA:1,122,0,0
BRDA:1,122,1,0
BRDA:1,123,0,0
BRDA:1,123,1,0
BRDA:1,124,0,0
BRDA:1,124,1,0
BRDA:1,125,0,0
BRDA:1,125,1,0
BRDA:1,126,0,0
BRDA:1,126,1,0
BRDA:1,127,0,0
BRDA:1,127,1,0
BRDA:1,127,2,0
BRDA:1,128,0,0
BRDA:1,128,1,0
BRDA:1,129,0,0
BRDA:1,129,1,0
BRDA:1,130,0,0
BRDA:1,130,1,0
BRDA:1,130,2,0
BRDA:1,130,3,0
BRDA:1,130,4,0
BRDA:1,131,0,0
BRDA:1,131,1,0
BRDA:1,132,0,0
BRDA:1,132,1,0
BRDA:1,133,0,0
BRDA:1,133,1,0
BRDA:1,134,0,0
BRDA:1,134,1,0
BRDA:1,135,0,0
BRDA:1,135,1,0
BRDA:1,136,0,0
BRDA:1,136,1,0
BRDA:1,137,0,0
BRDA:1,137,1,0
BRF:284
BRH:0
end_of_record
TN:
SF:/Users/noetibbl/Documents/_WIP/SapientRazorfish/accessible-ecommerce-demo/coverage/lcov-report/sorter.js
FN:1,(anonymous_0)
FN:10,getTable
FN:12,getTableHeader
FN:14,getTableBody
FN:16,getNthColumn
FN:19,loadColumns
FN:43,loadRowData
FN:62,loadData
FN:71,sortByIndex
FN:73,sorter
FN:85,finalSorter
FN:102,removeSortIndicators
FN:110,addSortIndicators
FN:114,enableUI
FN:117,ithSorter
FN:120,(anonymous_15)
FN:147,(anonymous_16)
FNF:17
FNH:0
FNDA:0,(anonymous_0)
FNDA:0,getTable
FNDA:0,getTableHeader
FNDA:0,getTableBody
FNDA:0,getNthColumn
FNDA:0,loadColumns
FNDA:0,loadRowData
FNDA:0,loadData
FNDA:0,sortByIndex
FNDA:0,sorter
FNDA:0,finalSorter
FNDA:0,removeSortIndicators
FNDA:0,addSortIndicators
FNDA:0,enableUI
FNDA:0,ithSorter
FNDA:0,(anonymous_15)
FNDA:0,(anonymous_16)
DA:1,0
DA:4,0
DA:10,0
DA:12,0
DA:14,0
DA:16,0
DA:20,0
DA:22,0
DA:26,0
DA:27,0
DA:28,0
DA:33,0
DA:34,0
DA:35,0
DA:36,0
DA:39,0
DA:44,0
DA:47,0
DA:50,0
DA:51,0
DA:52,0
DA:53,0
DA:54,0
DA:55,0
DA:57,0
DA:59,0
DA:63,0
DA:66,0
DA:67,0
DA:72,0
DA:73,0
DA:74,0
DA:75,0
DA:76,0
DA:78,0
DA:79,0
DA:80,0
DA:81,0
DA:84,0
DA:85,0
DA:86,0
DA:90,0
DA:91,0
DA:92,0
DA:95,0
DA:97,0
DA:98,0
DA:103,0
DA:104,0
DA:106,0
DA:107,0
DA:111,0
DA:117,0
DA:118,0
DA:120,0
DA:121,0
DA:123,0
DA:124,0
DA:126,0
DA:127,0
DA:128,0
DA:129,0
DA:130,0
DA:133,0
DA:134,0
DA:137,0
DA:138,0
DA:139,0
DA:141,0
DA:147,0
DA:148,0
DA:149,0
DA:151,0
DA:152,0
DA:153,0
DA:154,0
DA:158,0
LF:77
LH:0
BRDA:31,0,0,0
BRDA:31,0,1,0
BRDA:34,1,0,0
BRDA:34,1,1,0
BRDA:54,2,0,0
BRDA:54,2,1,0
BRDA:76,3,0,0
BRDA:76,3,1,0
BRDA:76,4,0,0
BRDA:76,4,1,0
BRDA:84,5,0,0
BRDA:84,5,1,0
BRDA:111,6,0,0
BRDA:111,6,1,0
BRDA:123,7,0,0
BRDA:123,7,1,0
BRDA:134,8,0,0
BRDA:134,8,1,0
BRDA:138,9,0,0
BRDA:138,9,1,0
BRDA:148,10,0,0
BRDA:148,10,1,0
BRF:22
BRH:0
end_of_record
TN:
SF:/Users/noetibbl/Documents/_WIP/SapientRazorfish/accessible-ecommerce-demo/js/main.js
FN:1,(anonymous_2)
FN:6,__webpack_require__
FN:37,(anonymous_4)
FN:44,(anonymous_5)
FN:56,(anonymous_6)
FN:63,(anonymous_7)
FN:68,(anonymous_8)
FN:70,getDefault
FN:71,getModuleExports
FN:77,(anonymous_11)
FN:94,componentsSyncRecursiveJs$
FN:105,componentsAccordionAccordionJs
FN:117,componentsBreadcrumbBreadcrumbJs
FN:129,componentsCarouselCarouselJs
FN:141,componentsFooterFooterJs
FN:153,componentsGalleryGalleryJs
FN:165,componentsGlobalNavGlobalNavJs
FN:177,componentsMiniCartMiniCartJs
FN:189,componentsModalModalJs
FN:201,componentsProductDescriptionProductDescriptionJs
FN:213,componentsProductGridProductGridJs
FN:225,componentsProductTileProductTileJs
FN:237,componentsSizeChartSizeChartJs
FN:249,node_modulesWhatwgFetchFetchJs
FN:261,pagesPdpPdpJs
FN:273,srcJsIndexJs
FN:285,srcJsLoaderJs
FN:297,srcJsUtilsJs
FNF:28
FNH:0
FNDA:0,(anonymous_2)
FNDA:0,__webpack_require__
FNDA:0,(anonymous_4)
FNDA:0,(anonymous_5)
FNDA:0,(anonymous_6)
FNDA:0,(anonymous_7)
FNDA:0,(anonymous_8)
FNDA:0,getDefault
FNDA:0,getModuleExports
FNDA:0,(anonymous_11)
FNDA:0,componentsSyncRecursiveJs$
FNDA:0,componentsAccordionAccordionJs
FNDA:0,componentsBreadcrumbBreadcrumbJs
FNDA:0,componentsCarouselCarouselJs
FNDA:0,componentsFooterFooterJs
FNDA:0,componentsGalleryGalleryJs
FNDA:0,componentsGlobalNavGlobalNavJs
FNDA:0,componentsMiniCartMiniCartJs
FNDA:0,componentsModalModalJs
FNDA:0,componentsProductDescriptionProductDescriptionJs
FNDA:0,componentsProductGridProductGridJs
FNDA:0,componentsProductTileProductTileJs
FNDA:0,componentsSizeChartSizeChartJs
FNDA:0,node_modulesWhatwgFetchFetchJs
FNDA:0,pagesPdpPdpJs
FNDA:0,srcJsIndexJs
FNDA:0,srcJsLoaderJs
FNDA:0,srcJsUtilsJs
DA:1,0
DA:3,0
DA:9,0
DA:10,0
DA:13,0
DA:20,0
DA:23,0
DA:26,0
DA:31,0
DA:34,0
DA:37,0
DA:38,0
DA:39,0
DA:44,0
DA:45,0
DA:46,0
DA:48,0
DA:56,0
DA:57,0
DA:58,0
DA:59,0
DA:60,0
DA:61,0
DA:62,0
DA:63,0
DA:64,0
DA:68,0
DA:69,0
DA:70,0
DA:71,0
DA:72,0
DA:73,0
DA:77,0
DA:80,0
DA:84,0
DA:96,0
DA:108,0
DA:120,0
DA:132,0
DA:144,0
DA:156,0
DA:168,0
DA:180,0
DA:192,0
DA:204,0
DA:216,0
DA:228,0
DA:240,0
DA:252,0
DA:264,0
DA:276,0
DA:288,0
DA:300,0
LF:53
LH:0
BRDA:9,0,0,0
BRDA:9,0,1,0
BRDA:38,1,0,0
BRDA:38,1,1,0
BRDA:45,2,0,0
BRDA:45,2,1,0
BRDA:45,3,0,0
BRDA:45,3,1,0
BRDA:57,4,0,0
BRDA:57,4,1,0
BRDA:58,5,0,0
BRDA:58,5,1,0
BRDA:59,6,0,0
BRDA:59,6,1,0
BRDA:59,7,0,0
BRDA:59,7,1,0
BRDA:59,7,2,0
BRDA:59,7,3,0
BRDA:59,8,0,0
BRDA:59,8,1,0
BRDA:63,9,0,0
BRDA:63,9,1,0
BRDA:63,10,0,0
BRDA:63,10,1,0
BRDA:70,11,0,0
BRDA:70,11,1,0
BRDA:69,12,0,0
BRDA:69,12,1,0
BRF:28
BRH:0
end_of_record
TN:
SF:/Users/noetibbl/Documents/_WIP/SapientRazorfish/accessible-ecommerce-demo/pages/pdp/pdp.js
FN:15,(anonymous_1)
FNF:1
FNH:0
FNDA:0,(anonymous_1)
DA:1,0
DA:2,0
DA:5,0
DA:15,0
DA:16,0
LF:5
LH:0
BRF:0
BRH:0
end_of_record
TN:
SF:/Users/noetibbl/Documents/_WIP/SapientRazorfish/accessible-ecommerce-demo/src/js/index.js
FN:12,importAll
FN:13,(anonymous_1)
FNF:2
FNH:0
FNDA:0,importAll
FNDA:0,(anonymous_1)
DA:8,0
DA:9,0
DA:11,0
DA:13,0
DA:15,0
LF:5
LH:0
BRF:0
BRH:0
end_of_record
TN:
SF:/Users/noetibbl/Documents/_WIP/SapientRazorfish/accessible-ecommerce-demo/src/js/loader.js
FN:1,(anonymous_0)
FN:2,load
FN:4,(anonymous_2)
FN:6,(anonymous_3)
FN:9,(anonymous_4)
FN:20,loadAll
FN:23,(anonymous_6)
FN:27,(anonymous_7)
FNF:8
FNH:8
FNDA:1,(anonymous_0)
FNDA:4,load
FNDA:3,(anonymous_2)
FNDA:3,(anonymous_3)
FNDA:3,(anonymous_4)
FNDA:2,loadAll
FNDA:2,(anonymous_6)
FNDA:1,(anonymous_7)
DA:1,1
DA:3,4
DA:4,3
DA:5,3
DA:7,3
DA:10,3
DA:11,3
DA:16,1
DA:21,2
DA:22,2
DA:23,1
DA:24,2
DA:27,1
DA:28,1
DA:31,1
DA:35,1
LF:16
LH:16
BRDA:3,0,0,3
BRDA:3,0,1,1
BRDA:3,1,0,4
BRDA:3,1,1,3
BRDA:22,2,0,1
BRDA:22,2,1,1
BRF:6
BRH:6
end_of_record
TN:
SF:/Users/noetibbl/Documents/_WIP/SapientRazorfish/accessible-ecommerce-demo/src/js/polyfills.js
FN:11,(anonymous_0)
FN:28,(anonymous_1)
FNF:2
FNH:0
FNDA:0,(anonymous_0)
FNDA:0,(anonymous_1)
DA:10,0
DA:11,0
DA:12,0
DA:13,0
DA:14,0
DA:23,0
DA:24,0
DA:27,0
DA:28,0
DA:29,0
DA:30,0
DA:31,0
DA:32,0
DA:33,0
DA:35,0
LF:15
LH:0
BRDA:10,0,0,0
BRDA:10,0,1,0
BRDA:10,1,0,0
BRDA:10,1,1,0
BRDA:12,2,0,0
BRDA:12,2,1,0
BRDA:23,3,0,0
BRDA:23,3,1,0
BRDA:24,4,0,0
BRDA:24,4,1,0
BRDA:27,5,0,0
BRDA:27,5,1,0
BRDA:30,6,0,0
BRDA:30,6,1,0
BRDA:34,7,0,0
BRDA:34,7,1,0
BRDA:32,8,0,0
BRDA:32,8,1,0
BRDA:33,9,0,0
BRDA:33,9,1,0
BRF:20
BRH:0
end_of_record
TN:
SF:/Users/noetibbl/Documents/_WIP/SapientRazorfish/accessible-ecommerce-demo/src/js/utils.js
FN:1,getFocusableChildren
FN:4,(anonymous_1)
FN:10,$$
FN:15,trapTabKey
FN:29,setFocusToFirstItem
FN:38,getElementIndex
FNF:6
FNH:0
FNDA:0,getFocusableChildren
FNDA:0,(anonymous_1)
FNDA:0,$$
FNDA:0,trapTabKey
FNDA:0,setFocusToFirstItem
FNDA:0,getElementIndex
DA:2,0
DA:4,0
DA:5,0
DA:11,0
DA:16,0
DA:17,0
DA:19,0
DA:20,0
DA:21,0
DA:22,0
DA:23,0
DA:24,0
DA:30,0
DA:31,0
DA:39,0
DA:40,0
DA:41,0
DA:43,0
LF:18
LH:0
BRDA:5,0,0,0
BRDA:5,0,1,0
BRDA:5,0,2,0
BRDA:11,1,0,0
BRDA:11,1,1,0
BRDA:11,2,0,0
BRDA:11,2,1,0
BRDA:19,3,0,0
BRDA:19,3,1,0
BRDA:19,4,0,0
BRDA:19,4,1,0
BRDA:22,5,0,0
BRDA:22,5,1,0
BRDA:22,6,0,0
BRDA:22,6,1,0
BRDA:31,7,0,0
BRDA:31,7,1,0
BRF:17
BRH:0
end_of_record
